[2022-06-11 04:42:13] local.ERROR: Command "serve" is not defined. {"exception":"[object] (Symfony\\Component\\Console\\Exception\\CommandNotFoundException(code: 0): Command \"serve\" is not defined. at /home/georgesandoval/learning/lumen/restaurant/vendor/symfony/console/Application.php:718)
[stacktrace]
#0 /home/georgesandoval/learning/lumen/restaurant/vendor/symfony/console/Application.php(259): Symfony\\Component\\Console\\Application->find()
#1 /home/georgesandoval/learning/lumen/restaurant/vendor/symfony/console/Application.php(171): Symfony\\Component\\Console\\Application->doRun()
#2 /home/georgesandoval/learning/lumen/restaurant/vendor/illuminate/console/Application.php(94): Symfony\\Component\\Console\\Application->run()
#3 /home/georgesandoval/learning/lumen/restaurant/vendor/laravel/lumen-framework/src/Console/Kernel.php(116): Illuminate\\Console\\Application->run()
#4 /home/georgesandoval/learning/lumen/restaurant/artisan(35): Laravel\\Lumen\\Console\\Kernel->handle()
#5 {main}
"} 
[2022-06-11 04:42:18] local.ERROR: Command "serves" is not defined. {"exception":"[object] (Symfony\\Component\\Console\\Exception\\CommandNotFoundException(code: 0): Command \"serves\" is not defined. at /home/georgesandoval/learning/lumen/restaurant/vendor/symfony/console/Application.php:718)
[stacktrace]
#0 /home/georgesandoval/learning/lumen/restaurant/vendor/symfony/console/Application.php(259): Symfony\\Component\\Console\\Application->find()
#1 /home/georgesandoval/learning/lumen/restaurant/vendor/symfony/console/Application.php(171): Symfony\\Component\\Console\\Application->doRun()
#2 /home/georgesandoval/learning/lumen/restaurant/vendor/illuminate/console/Application.php(94): Symfony\\Component\\Console\\Application->run()
#3 /home/georgesandoval/learning/lumen/restaurant/vendor/laravel/lumen-framework/src/Console/Kernel.php(116): Illuminate\\Console\\Application->run()
#4 /home/georgesandoval/learning/lumen/restaurant/artisan(35): Laravel\\Lumen\\Console\\Kernel->handle()
#5 {main}
"} 
[2022-06-11 04:42:20] local.ERROR: Command "server" is not defined. {"exception":"[object] (Symfony\\Component\\Console\\Exception\\CommandNotFoundException(code: 0): Command \"server\" is not defined. at /home/georgesandoval/learning/lumen/restaurant/vendor/symfony/console/Application.php:718)
[stacktrace]
#0 /home/georgesandoval/learning/lumen/restaurant/vendor/symfony/console/Application.php(259): Symfony\\Component\\Console\\Application->find()
#1 /home/georgesandoval/learning/lumen/restaurant/vendor/symfony/console/Application.php(171): Symfony\\Component\\Console\\Application->doRun()
#2 /home/georgesandoval/learning/lumen/restaurant/vendor/illuminate/console/Application.php(94): Symfony\\Component\\Console\\Application->run()
#3 /home/georgesandoval/learning/lumen/restaurant/vendor/laravel/lumen-framework/src/Console/Kernel.php(116): Illuminate\\Console\\Application->run()
#4 /home/georgesandoval/learning/lumen/restaurant/artisan(35): Laravel\\Lumen\\Console\\Kernel->handle()
#5 {main}
"} 
[2022-06-11 05:38:31] local.ERROR: SQLSTATE[HY000]: General error: 1364 Field 'ruc' doesn't have a default value (SQL: insert into `restaurants` (`id`, `name`, `description`, `address`, `state`, `updated_at`, `created_at`) values (1, Restobar Tunki, Restaurante, bar, piscina, Castillo grande, Panchito falcon, 1, 2022-06-11 05:38:31, 2022-06-11 05:38:31)) {"exception":"[object] (Illuminate\\Database\\QueryException(code: HY000): SQLSTATE[HY000]: General error: 1364 Field 'ruc' doesn't have a default value (SQL: insert into `restaurants` (`id`, `name`, `description`, `address`, `state`, `updated_at`, `created_at`) values (1, Restobar Tunki, Restaurante, bar, piscina, Castillo grande, Panchito falcon, 1, 2022-06-11 05:38:31, 2022-06-11 05:38:31)) at /home/georgesandoval/learning/lumen/restaurant/vendor/illuminate/database/Connection.php:712)
[stacktrace]
#0 /home/georgesandoval/learning/lumen/restaurant/vendor/illuminate/database/Connection.php(672): Illuminate\\Database\\Connection->runQueryCallback()
#1 /home/georgesandoval/learning/lumen/restaurant/vendor/illuminate/database/Connection.php(502): Illuminate\\Database\\Connection->run()
#2 /home/georgesandoval/learning/lumen/restaurant/vendor/illuminate/database/Connection.php(454): Illuminate\\Database\\Connection->statement()
#3 /home/georgesandoval/learning/lumen/restaurant/vendor/illuminate/database/Query/Processors/Processor.php(32): Illuminate\\Database\\Connection->insert()
#4 /home/georgesandoval/learning/lumen/restaurant/vendor/illuminate/database/Query/Builder.php(3028): Illuminate\\Database\\Query\\Processors\\Processor->processInsertGetId()
#5 /home/georgesandoval/learning/lumen/restaurant/vendor/illuminate/database/Eloquent/Builder.php(1657): Illuminate\\Database\\Query\\Builder->insertGetId()
#6 /home/georgesandoval/learning/lumen/restaurant/vendor/illuminate/database/Eloquent/Model.php(1188): Illuminate\\Database\\Eloquent\\Builder->__call()
#7 /home/georgesandoval/learning/lumen/restaurant/vendor/illuminate/database/Eloquent/Model.php(1153): Illuminate\\Database\\Eloquent\\Model->insertAndSetId()
#8 /home/georgesandoval/learning/lumen/restaurant/vendor/illuminate/database/Eloquent/Model.php(994): Illuminate\\Database\\Eloquent\\Model->performInsert()
#9 /home/georgesandoval/learning/lumen/restaurant/app/Http/Controllers/RestaurantsController.php(33): Illuminate\\Database\\Eloquent\\Model->save()
#10 /home/georgesandoval/learning/lumen/restaurant/vendor/illuminate/container/BoundMethod.php(36): App\\Http\\Controllers\\RestaurantsController->update()
#11 /home/georgesandoval/learning/lumen/restaurant/vendor/illuminate/container/Util.php(40): Illuminate\\Container\\BoundMethod::Illuminate\\Container\\{closure}()
#12 /home/georgesandoval/learning/lumen/restaurant/vendor/illuminate/container/BoundMethod.php(93): Illuminate\\Container\\Util::unwrapIfClosure()
#13 /home/georgesandoval/learning/lumen/restaurant/vendor/illuminate/container/BoundMethod.php(37): Illuminate\\Container\\BoundMethod::callBoundMethod()
#14 /home/georgesandoval/learning/lumen/restaurant/vendor/illuminate/container/Container.php(653): Illuminate\\Container\\BoundMethod::call()
#15 /home/georgesandoval/learning/lumen/restaurant/vendor/laravel/lumen-framework/src/Concerns/RoutesRequests.php(389): Illuminate\\Container\\Container->call()
#16 /home/georgesandoval/learning/lumen/restaurant/vendor/laravel/lumen-framework/src/Concerns/RoutesRequests.php(355): Laravel\\Lumen\\Application->callControllerCallable()
#17 /home/georgesandoval/learning/lumen/restaurant/vendor/laravel/lumen-framework/src/Concerns/RoutesRequests.php(329): Laravel\\Lumen\\Application->callLumenController()
#18 /home/georgesandoval/learning/lumen/restaurant/vendor/laravel/lumen-framework/src/Concerns/RoutesRequests.php(282): Laravel\\Lumen\\Application->callControllerAction()
#19 /home/georgesandoval/learning/lumen/restaurant/vendor/laravel/lumen-framework/src/Concerns/RoutesRequests.php(267): Laravel\\Lumen\\Application->callActionOnArrayBasedRoute()
#20 /home/georgesandoval/learning/lumen/restaurant/vendor/laravel/lumen-framework/src/Concerns/RoutesRequests.php(169): Laravel\\Lumen\\Application->handleFoundRoute()
#21 /home/georgesandoval/learning/lumen/restaurant/vendor/laravel/lumen-framework/src/Concerns/RoutesRequests.php(429): Laravel\\Lumen\\Application->Laravel\\Lumen\\Concerns\\{closure}()
#22 /home/georgesandoval/learning/lumen/restaurant/vendor/laravel/lumen-framework/src/Concerns/RoutesRequests.php(175): Laravel\\Lumen\\Application->sendThroughPipeline()
#23 /home/georgesandoval/learning/lumen/restaurant/vendor/laravel/lumen-framework/src/Concerns/RoutesRequests.php(112): Laravel\\Lumen\\Application->dispatch()
#24 /home/georgesandoval/learning/lumen/restaurant/public/index.php(28): Laravel\\Lumen\\Application->run()
#25 {main}

[previous exception] [object] (PDOException(code: HY000): SQLSTATE[HY000]: General error: 1364 Field 'ruc' doesn't have a default value at /home/georgesandoval/learning/lumen/restaurant/vendor/illuminate/database/Connection.php:501)
[stacktrace]
#0 /home/georgesandoval/learning/lumen/restaurant/vendor/illuminate/database/Connection.php(501): PDOStatement->execute()
#1 /home/georgesandoval/learning/lumen/restaurant/vendor/illuminate/database/Connection.php(705): Illuminate\\Database\\Connection->Illuminate\\Database\\{closure}()
#2 /home/georgesandoval/learning/lumen/restaurant/vendor/illuminate/database/Connection.php(672): Illuminate\\Database\\Connection->runQueryCallback()
#3 /home/georgesandoval/learning/lumen/restaurant/vendor/illuminate/database/Connection.php(502): Illuminate\\Database\\Connection->run()
#4 /home/georgesandoval/learning/lumen/restaurant/vendor/illuminate/database/Connection.php(454): Illuminate\\Database\\Connection->statement()
#5 /home/georgesandoval/learning/lumen/restaurant/vendor/illuminate/database/Query/Processors/Processor.php(32): Illuminate\\Database\\Connection->insert()
#6 /home/georgesandoval/learning/lumen/restaurant/vendor/illuminate/database/Query/Builder.php(3028): Illuminate\\Database\\Query\\Processors\\Processor->processInsertGetId()
#7 /home/georgesandoval/learning/lumen/restaurant/vendor/illuminate/database/Eloquent/Builder.php(1657): Illuminate\\Database\\Query\\Builder->insertGetId()
#8 /home/georgesandoval/learning/lumen/restaurant/vendor/illuminate/database/Eloquent/Model.php(1188): Illuminate\\Database\\Eloquent\\Builder->__call()
#9 /home/georgesandoval/learning/lumen/restaurant/vendor/illuminate/database/Eloquent/Model.php(1153): Illuminate\\Database\\Eloquent\\Model->insertAndSetId()
#10 /home/georgesandoval/learning/lumen/restaurant/vendor/illuminate/database/Eloquent/Model.php(994): Illuminate\\Database\\Eloquent\\Model->performInsert()
#11 /home/georgesandoval/learning/lumen/restaurant/app/Http/Controllers/RestaurantsController.php(33): Illuminate\\Database\\Eloquent\\Model->save()
#12 /home/georgesandoval/learning/lumen/restaurant/vendor/illuminate/container/BoundMethod.php(36): App\\Http\\Controllers\\RestaurantsController->update()
#13 /home/georgesandoval/learning/lumen/restaurant/vendor/illuminate/container/Util.php(40): Illuminate\\Container\\BoundMethod::Illuminate\\Container\\{closure}()
#14 /home/georgesandoval/learning/lumen/restaurant/vendor/illuminate/container/BoundMethod.php(93): Illuminate\\Container\\Util::unwrapIfClosure()
#15 /home/georgesandoval/learning/lumen/restaurant/vendor/illuminate/container/BoundMethod.php(37): Illuminate\\Container\\BoundMethod::callBoundMethod()
#16 /home/georgesandoval/learning/lumen/restaurant/vendor/illuminate/container/Container.php(653): Illuminate\\Container\\BoundMethod::call()
#17 /home/georgesandoval/learning/lumen/restaurant/vendor/laravel/lumen-framework/src/Concerns/RoutesRequests.php(389): Illuminate\\Container\\Container->call()
#18 /home/georgesandoval/learning/lumen/restaurant/vendor/laravel/lumen-framework/src/Concerns/RoutesRequests.php(355): Laravel\\Lumen\\Application->callControllerCallable()
#19 /home/georgesandoval/learning/lumen/restaurant/vendor/laravel/lumen-framework/src/Concerns/RoutesRequests.php(329): Laravel\\Lumen\\Application->callLumenController()
#20 /home/georgesandoval/learning/lumen/restaurant/vendor/laravel/lumen-framework/src/Concerns/RoutesRequests.php(282): Laravel\\Lumen\\Application->callControllerAction()
#21 /home/georgesandoval/learning/lumen/restaurant/vendor/laravel/lumen-framework/src/Concerns/RoutesRequests.php(267): Laravel\\Lumen\\Application->callActionOnArrayBasedRoute()
#22 /home/georgesandoval/learning/lumen/restaurant/vendor/laravel/lumen-framework/src/Concerns/RoutesRequests.php(169): Laravel\\Lumen\\Application->handleFoundRoute()
#23 /home/georgesandoval/learning/lumen/restaurant/vendor/laravel/lumen-framework/src/Concerns/RoutesRequests.php(429): Laravel\\Lumen\\Application->Laravel\\Lumen\\Concerns\\{closure}()
#24 /home/georgesandoval/learning/lumen/restaurant/vendor/laravel/lumen-framework/src/Concerns/RoutesRequests.php(175): Laravel\\Lumen\\Application->sendThroughPipeline()
#25 /home/georgesandoval/learning/lumen/restaurant/vendor/laravel/lumen-framework/src/Concerns/RoutesRequests.php(112): Laravel\\Lumen\\Application->dispatch()
#26 /home/georgesandoval/learning/lumen/restaurant/public/index.php(28): Laravel\\Lumen\\Application->run()
#27 {main}
"} 
[2022-06-11 05:39:45] local.ERROR: Call to undefined method App\Models\Restaurants::finfById() {"exception":"[object] (BadMethodCallException(code: 0): Call to undefined method App\\Models\\Restaurants::finfById() at /home/georgesandoval/learning/lumen/restaurant/vendor/illuminate/support/Traits/ForwardsCalls.php:71)
[stacktrace]
#0 /home/georgesandoval/learning/lumen/restaurant/vendor/illuminate/support/Traits/ForwardsCalls.php(36): Illuminate\\Database\\Eloquent\\Model::throwBadMethodCallException()
#1 /home/georgesandoval/learning/lumen/restaurant/vendor/illuminate/database/Eloquent/Model.php(2132): Illuminate\\Database\\Eloquent\\Model->forwardCallTo()
#2 /home/georgesandoval/learning/lumen/restaurant/vendor/illuminate/database/Eloquent/Model.php(2144): Illuminate\\Database\\Eloquent\\Model->__call()
#3 /home/georgesandoval/learning/lumen/restaurant/app/Http/Controllers/RestaurantsController.php(25): Illuminate\\Database\\Eloquent\\Model::__callStatic()
#4 /home/georgesandoval/learning/lumen/restaurant/vendor/illuminate/container/BoundMethod.php(36): App\\Http\\Controllers\\RestaurantsController->update()
#5 /home/georgesandoval/learning/lumen/restaurant/vendor/illuminate/container/Util.php(40): Illuminate\\Container\\BoundMethod::Illuminate\\Container\\{closure}()
#6 /home/georgesandoval/learning/lumen/restaurant/vendor/illuminate/container/BoundMethod.php(93): Illuminate\\Container\\Util::unwrapIfClosure()
#7 /home/georgesandoval/learning/lumen/restaurant/vendor/illuminate/container/BoundMethod.php(37): Illuminate\\Container\\BoundMethod::callBoundMethod()
#8 /home/georgesandoval/learning/lumen/restaurant/vendor/illuminate/container/Container.php(653): Illuminate\\Container\\BoundMethod::call()
#9 /home/georgesandoval/learning/lumen/restaurant/vendor/laravel/lumen-framework/src/Concerns/RoutesRequests.php(389): Illuminate\\Container\\Container->call()
#10 /home/georgesandoval/learning/lumen/restaurant/vendor/laravel/lumen-framework/src/Concerns/RoutesRequests.php(355): Laravel\\Lumen\\Application->callControllerCallable()
#11 /home/georgesandoval/learning/lumen/restaurant/vendor/laravel/lumen-framework/src/Concerns/RoutesRequests.php(329): Laravel\\Lumen\\Application->callLumenController()
#12 /home/georgesandoval/learning/lumen/restaurant/vendor/laravel/lumen-framework/src/Concerns/RoutesRequests.php(282): Laravel\\Lumen\\Application->callControllerAction()
#13 /home/georgesandoval/learning/lumen/restaurant/vendor/laravel/lumen-framework/src/Concerns/RoutesRequests.php(267): Laravel\\Lumen\\Application->callActionOnArrayBasedRoute()
#14 /home/georgesandoval/learning/lumen/restaurant/vendor/laravel/lumen-framework/src/Concerns/RoutesRequests.php(169): Laravel\\Lumen\\Application->handleFoundRoute()
#15 /home/georgesandoval/learning/lumen/restaurant/vendor/laravel/lumen-framework/src/Concerns/RoutesRequests.php(429): Laravel\\Lumen\\Application->Laravel\\Lumen\\Concerns\\{closure}()
#16 /home/georgesandoval/learning/lumen/restaurant/vendor/laravel/lumen-framework/src/Concerns/RoutesRequests.php(175): Laravel\\Lumen\\Application->sendThroughPipeline()
#17 /home/georgesandoval/learning/lumen/restaurant/vendor/laravel/lumen-framework/src/Concerns/RoutesRequests.php(112): Laravel\\Lumen\\Application->dispatch()
#18 /home/georgesandoval/learning/lumen/restaurant/public/index.php(28): Laravel\\Lumen\\Application->run()
#19 {main}
"} 
[2022-06-11 05:40:43] local.ERROR: Argument 1 passed to Symfony\Component\HttpFoundation\Response::setContent() must be of the type string or null, object given, called in /home/georgesandoval/learning/lumen/restaurant/vendor/illuminate/http/Response.php on line 72 {"exception":"[object] (TypeError(code: 0): Argument 1 passed to Symfony\\Component\\HttpFoundation\\Response::setContent() must be of the type string or null, object given, called in /home/georgesandoval/learning/lumen/restaurant/vendor/illuminate/http/Response.php on line 72 at /home/georgesandoval/learning/lumen/restaurant/vendor/symfony/http-foundation/Response.php:412)
[stacktrace]
#0 /home/georgesandoval/learning/lumen/restaurant/vendor/illuminate/http/Response.php(72): Symfony\\Component\\HttpFoundation\\Response->setContent()
#1 /home/georgesandoval/learning/lumen/restaurant/vendor/illuminate/http/Response.php(35): Illuminate\\Http\\Response->setContent()
#2 /home/georgesandoval/learning/lumen/restaurant/vendor/laravel/lumen-framework/src/Http/ResponseFactory.php(26): Illuminate\\Http\\Response->__construct()
#3 /home/georgesandoval/learning/lumen/restaurant/vendor/laravel/lumen-framework/src/helpers.php(297): Laravel\\Lumen\\Http\\ResponseFactory->make()
#4 /home/georgesandoval/learning/lumen/restaurant/app/Http/Controllers/RestaurantsController.php(36): response()
#5 /home/georgesandoval/learning/lumen/restaurant/vendor/illuminate/container/BoundMethod.php(36): App\\Http\\Controllers\\RestaurantsController->update()
#6 /home/georgesandoval/learning/lumen/restaurant/vendor/illuminate/container/Util.php(40): Illuminate\\Container\\BoundMethod::Illuminate\\Container\\{closure}()
#7 /home/georgesandoval/learning/lumen/restaurant/vendor/illuminate/container/BoundMethod.php(93): Illuminate\\Container\\Util::unwrapIfClosure()
#8 /home/georgesandoval/learning/lumen/restaurant/vendor/illuminate/container/BoundMethod.php(37): Illuminate\\Container\\BoundMethod::callBoundMethod()
#9 /home/georgesandoval/learning/lumen/restaurant/vendor/illuminate/container/Container.php(653): Illuminate\\Container\\BoundMethod::call()
#10 /home/georgesandoval/learning/lumen/restaurant/vendor/laravel/lumen-framework/src/Concerns/RoutesRequests.php(389): Illuminate\\Container\\Container->call()
#11 /home/georgesandoval/learning/lumen/restaurant/vendor/laravel/lumen-framework/src/Concerns/RoutesRequests.php(355): Laravel\\Lumen\\Application->callControllerCallable()
#12 /home/georgesandoval/learning/lumen/restaurant/vendor/laravel/lumen-framework/src/Concerns/RoutesRequests.php(329): Laravel\\Lumen\\Application->callLumenController()
#13 /home/georgesandoval/learning/lumen/restaurant/vendor/laravel/lumen-framework/src/Concerns/RoutesRequests.php(282): Laravel\\Lumen\\Application->callControllerAction()
#14 /home/georgesandoval/learning/lumen/restaurant/vendor/laravel/lumen-framework/src/Concerns/RoutesRequests.php(267): Laravel\\Lumen\\Application->callActionOnArrayBasedRoute()
#15 /home/georgesandoval/learning/lumen/restaurant/vendor/laravel/lumen-framework/src/Concerns/RoutesRequests.php(169): Laravel\\Lumen\\Application->handleFoundRoute()
#16 /home/georgesandoval/learning/lumen/restaurant/vendor/laravel/lumen-framework/src/Concerns/RoutesRequests.php(429): Laravel\\Lumen\\Application->Laravel\\Lumen\\Concerns\\{closure}()
#17 /home/georgesandoval/learning/lumen/restaurant/vendor/laravel/lumen-framework/src/Concerns/RoutesRequests.php(175): Laravel\\Lumen\\Application->sendThroughPipeline()
#18 /home/georgesandoval/learning/lumen/restaurant/vendor/laravel/lumen-framework/src/Concerns/RoutesRequests.php(112): Laravel\\Lumen\\Application->dispatch()
#19 /home/georgesandoval/learning/lumen/restaurant/public/index.php(28): Laravel\\Lumen\\Application->run()
#20 {main}
"} 
[2022-06-11 05:41:05] local.ERROR: Argument 1 passed to Symfony\Component\HttpFoundation\Response::setContent() must be of the type string or null, object given, called in /home/georgesandoval/learning/lumen/restaurant/vendor/illuminate/http/Response.php on line 72 {"exception":"[object] (TypeError(code: 0): Argument 1 passed to Symfony\\Component\\HttpFoundation\\Response::setContent() must be of the type string or null, object given, called in /home/georgesandoval/learning/lumen/restaurant/vendor/illuminate/http/Response.php on line 72 at /home/georgesandoval/learning/lumen/restaurant/vendor/symfony/http-foundation/Response.php:412)
[stacktrace]
#0 /home/georgesandoval/learning/lumen/restaurant/vendor/illuminate/http/Response.php(72): Symfony\\Component\\HttpFoundation\\Response->setContent()
#1 /home/georgesandoval/learning/lumen/restaurant/vendor/illuminate/http/Response.php(35): Illuminate\\Http\\Response->setContent()
#2 /home/georgesandoval/learning/lumen/restaurant/vendor/laravel/lumen-framework/src/Http/ResponseFactory.php(26): Illuminate\\Http\\Response->__construct()
#3 /home/georgesandoval/learning/lumen/restaurant/vendor/laravel/lumen-framework/src/helpers.php(297): Laravel\\Lumen\\Http\\ResponseFactory->make()
#4 /home/georgesandoval/learning/lumen/restaurant/app/Http/Controllers/RestaurantsController.php(36): response()
#5 /home/georgesandoval/learning/lumen/restaurant/vendor/illuminate/container/BoundMethod.php(36): App\\Http\\Controllers\\RestaurantsController->update()
#6 /home/georgesandoval/learning/lumen/restaurant/vendor/illuminate/container/Util.php(40): Illuminate\\Container\\BoundMethod::Illuminate\\Container\\{closure}()
#7 /home/georgesandoval/learning/lumen/restaurant/vendor/illuminate/container/BoundMethod.php(93): Illuminate\\Container\\Util::unwrapIfClosure()
#8 /home/georgesandoval/learning/lumen/restaurant/vendor/illuminate/container/BoundMethod.php(37): Illuminate\\Container\\BoundMethod::callBoundMethod()
#9 /home/georgesandoval/learning/lumen/restaurant/vendor/illuminate/container/Container.php(653): Illuminate\\Container\\BoundMethod::call()
#10 /home/georgesandoval/learning/lumen/restaurant/vendor/laravel/lumen-framework/src/Concerns/RoutesRequests.php(389): Illuminate\\Container\\Container->call()
#11 /home/georgesandoval/learning/lumen/restaurant/vendor/laravel/lumen-framework/src/Concerns/RoutesRequests.php(355): Laravel\\Lumen\\Application->callControllerCallable()
#12 /home/georgesandoval/learning/lumen/restaurant/vendor/laravel/lumen-framework/src/Concerns/RoutesRequests.php(329): Laravel\\Lumen\\Application->callLumenController()
#13 /home/georgesandoval/learning/lumen/restaurant/vendor/laravel/lumen-framework/src/Concerns/RoutesRequests.php(282): Laravel\\Lumen\\Application->callControllerAction()
#14 /home/georgesandoval/learning/lumen/restaurant/vendor/laravel/lumen-framework/src/Concerns/RoutesRequests.php(267): Laravel\\Lumen\\Application->callActionOnArrayBasedRoute()
#15 /home/georgesandoval/learning/lumen/restaurant/vendor/laravel/lumen-framework/src/Concerns/RoutesRequests.php(169): Laravel\\Lumen\\Application->handleFoundRoute()
#16 /home/georgesandoval/learning/lumen/restaurant/vendor/laravel/lumen-framework/src/Concerns/RoutesRequests.php(429): Laravel\\Lumen\\Application->Laravel\\Lumen\\Concerns\\{closure}()
#17 /home/georgesandoval/learning/lumen/restaurant/vendor/laravel/lumen-framework/src/Concerns/RoutesRequests.php(175): Laravel\\Lumen\\Application->sendThroughPipeline()
#18 /home/georgesandoval/learning/lumen/restaurant/vendor/laravel/lumen-framework/src/Concerns/RoutesRequests.php(112): Laravel\\Lumen\\Application->dispatch()
#19 /home/georgesandoval/learning/lumen/restaurant/public/index.php(28): Laravel\\Lumen\\Application->run()
#20 {main}
"} 
[2022-06-11 23:24:21] local.ERROR: A non-numeric value encountered {"exception":"[object] (ErrorException(code: 0): A non-numeric value encountered at /home/georgesandoval/learning/lumen/restaurant/app/Http/Controllers/PersonsController.php:15)
[stacktrace]
#0 /home/georgesandoval/learning/lumen/restaurant/vendor/laravel/lumen-framework/src/Concerns/RegistersExceptionHandlers.php(47): Laravel\\Lumen\\Application->handleError()
#1 /home/georgesandoval/learning/lumen/restaurant/app/Http/Controllers/PersonsController.php(15): Laravel\\Lumen\\Application->Laravel\\Lumen\\Concerns\\{closure}()
#2 /home/georgesandoval/learning/lumen/restaurant/vendor/illuminate/container/BoundMethod.php(36): App\\Http\\Controllers\\PersonsController->create()
#3 /home/georgesandoval/learning/lumen/restaurant/vendor/illuminate/container/Util.php(40): Illuminate\\Container\\BoundMethod::Illuminate\\Container\\{closure}()
#4 /home/georgesandoval/learning/lumen/restaurant/vendor/illuminate/container/BoundMethod.php(93): Illuminate\\Container\\Util::unwrapIfClosure()
#5 /home/georgesandoval/learning/lumen/restaurant/vendor/illuminate/container/BoundMethod.php(37): Illuminate\\Container\\BoundMethod::callBoundMethod()
#6 /home/georgesandoval/learning/lumen/restaurant/vendor/illuminate/container/Container.php(653): Illuminate\\Container\\BoundMethod::call()
#7 /home/georgesandoval/learning/lumen/restaurant/vendor/laravel/lumen-framework/src/Concerns/RoutesRequests.php(389): Illuminate\\Container\\Container->call()
#8 /home/georgesandoval/learning/lumen/restaurant/vendor/laravel/lumen-framework/src/Concerns/RoutesRequests.php(355): Laravel\\Lumen\\Application->callControllerCallable()
#9 /home/georgesandoval/learning/lumen/restaurant/vendor/laravel/lumen-framework/src/Concerns/RoutesRequests.php(329): Laravel\\Lumen\\Application->callLumenController()
#10 /home/georgesandoval/learning/lumen/restaurant/vendor/laravel/lumen-framework/src/Concerns/RoutesRequests.php(282): Laravel\\Lumen\\Application->callControllerAction()
#11 /home/georgesandoval/learning/lumen/restaurant/vendor/laravel/lumen-framework/src/Concerns/RoutesRequests.php(267): Laravel\\Lumen\\Application->callActionOnArrayBasedRoute()
#12 /home/georgesandoval/learning/lumen/restaurant/vendor/laravel/lumen-framework/src/Concerns/RoutesRequests.php(169): Laravel\\Lumen\\Application->handleFoundRoute()
#13 /home/georgesandoval/learning/lumen/restaurant/vendor/laravel/lumen-framework/src/Concerns/RoutesRequests.php(429): Laravel\\Lumen\\Application->Laravel\\Lumen\\Concerns\\{closure}()
#14 /home/georgesandoval/learning/lumen/restaurant/vendor/laravel/lumen-framework/src/Concerns/RoutesRequests.php(175): Laravel\\Lumen\\Application->sendThroughPipeline()
#15 /home/georgesandoval/learning/lumen/restaurant/vendor/laravel/lumen-framework/src/Concerns/RoutesRequests.php(112): Laravel\\Lumen\\Application->dispatch()
#16 /home/georgesandoval/learning/lumen/restaurant/public/index.php(28): Laravel\\Lumen\\Application->run()
#17 {main}
"} 
[2022-06-11 23:26:11] local.ERROR: A non-numeric value encountered {"exception":"[object] (ErrorException(code: 0): A non-numeric value encountered at /home/georgesandoval/learning/lumen/restaurant/app/Http/Controllers/PersonsController.php:15)
[stacktrace]
#0 /home/georgesandoval/learning/lumen/restaurant/vendor/laravel/lumen-framework/src/Concerns/RegistersExceptionHandlers.php(47): Laravel\\Lumen\\Application->handleError()
#1 /home/georgesandoval/learning/lumen/restaurant/app/Http/Controllers/PersonsController.php(15): Laravel\\Lumen\\Application->Laravel\\Lumen\\Concerns\\{closure}()
#2 /home/georgesandoval/learning/lumen/restaurant/vendor/illuminate/container/BoundMethod.php(36): App\\Http\\Controllers\\PersonsController->create()
#3 /home/georgesandoval/learning/lumen/restaurant/vendor/illuminate/container/Util.php(40): Illuminate\\Container\\BoundMethod::Illuminate\\Container\\{closure}()
#4 /home/georgesandoval/learning/lumen/restaurant/vendor/illuminate/container/BoundMethod.php(93): Illuminate\\Container\\Util::unwrapIfClosure()
#5 /home/georgesandoval/learning/lumen/restaurant/vendor/illuminate/container/BoundMethod.php(37): Illuminate\\Container\\BoundMethod::callBoundMethod()
#6 /home/georgesandoval/learning/lumen/restaurant/vendor/illuminate/container/Container.php(653): Illuminate\\Container\\BoundMethod::call()
#7 /home/georgesandoval/learning/lumen/restaurant/vendor/laravel/lumen-framework/src/Concerns/RoutesRequests.php(389): Illuminate\\Container\\Container->call()
#8 /home/georgesandoval/learning/lumen/restaurant/vendor/laravel/lumen-framework/src/Concerns/RoutesRequests.php(355): Laravel\\Lumen\\Application->callControllerCallable()
#9 /home/georgesandoval/learning/lumen/restaurant/vendor/laravel/lumen-framework/src/Concerns/RoutesRequests.php(329): Laravel\\Lumen\\Application->callLumenController()
#10 /home/georgesandoval/learning/lumen/restaurant/vendor/laravel/lumen-framework/src/Concerns/RoutesRequests.php(282): Laravel\\Lumen\\Application->callControllerAction()
#11 /home/georgesandoval/learning/lumen/restaurant/vendor/laravel/lumen-framework/src/Concerns/RoutesRequests.php(267): Laravel\\Lumen\\Application->callActionOnArrayBasedRoute()
#12 /home/georgesandoval/learning/lumen/restaurant/vendor/laravel/lumen-framework/src/Concerns/RoutesRequests.php(169): Laravel\\Lumen\\Application->handleFoundRoute()
#13 /home/georgesandoval/learning/lumen/restaurant/vendor/laravel/lumen-framework/src/Concerns/RoutesRequests.php(429): Laravel\\Lumen\\Application->Laravel\\Lumen\\Concerns\\{closure}()
#14 /home/georgesandoval/learning/lumen/restaurant/vendor/laravel/lumen-framework/src/Concerns/RoutesRequests.php(175): Laravel\\Lumen\\Application->sendThroughPipeline()
#15 /home/georgesandoval/learning/lumen/restaurant/vendor/laravel/lumen-framework/src/Concerns/RoutesRequests.php(112): Laravel\\Lumen\\Application->dispatch()
#16 /home/georgesandoval/learning/lumen/restaurant/public/index.php(28): Laravel\\Lumen\\Application->run()
#17 {main}
"} 
[2022-06-11 23:27:40] local.ERROR: A non-numeric value encountered {"exception":"[object] (ErrorException(code: 0): A non-numeric value encountered at /home/georgesandoval/learning/lumen/restaurant/app/Http/Controllers/PersonsController.php:15)
[stacktrace]
#0 /home/georgesandoval/learning/lumen/restaurant/vendor/laravel/lumen-framework/src/Concerns/RegistersExceptionHandlers.php(47): Laravel\\Lumen\\Application->handleError()
#1 /home/georgesandoval/learning/lumen/restaurant/app/Http/Controllers/PersonsController.php(15): Laravel\\Lumen\\Application->Laravel\\Lumen\\Concerns\\{closure}()
#2 /home/georgesandoval/learning/lumen/restaurant/vendor/illuminate/container/BoundMethod.php(36): App\\Http\\Controllers\\PersonsController->create()
#3 /home/georgesandoval/learning/lumen/restaurant/vendor/illuminate/container/Util.php(40): Illuminate\\Container\\BoundMethod::Illuminate\\Container\\{closure}()
#4 /home/georgesandoval/learning/lumen/restaurant/vendor/illuminate/container/BoundMethod.php(93): Illuminate\\Container\\Util::unwrapIfClosure()
#5 /home/georgesandoval/learning/lumen/restaurant/vendor/illuminate/container/BoundMethod.php(37): Illuminate\\Container\\BoundMethod::callBoundMethod()
#6 /home/georgesandoval/learning/lumen/restaurant/vendor/illuminate/container/Container.php(653): Illuminate\\Container\\BoundMethod::call()
#7 /home/georgesandoval/learning/lumen/restaurant/vendor/laravel/lumen-framework/src/Concerns/RoutesRequests.php(389): Illuminate\\Container\\Container->call()
#8 /home/georgesandoval/learning/lumen/restaurant/vendor/laravel/lumen-framework/src/Concerns/RoutesRequests.php(355): Laravel\\Lumen\\Application->callControllerCallable()
#9 /home/georgesandoval/learning/lumen/restaurant/vendor/laravel/lumen-framework/src/Concerns/RoutesRequests.php(329): Laravel\\Lumen\\Application->callLumenController()
#10 /home/georgesandoval/learning/lumen/restaurant/vendor/laravel/lumen-framework/src/Concerns/RoutesRequests.php(282): Laravel\\Lumen\\Application->callControllerAction()
#11 /home/georgesandoval/learning/lumen/restaurant/vendor/laravel/lumen-framework/src/Concerns/RoutesRequests.php(267): Laravel\\Lumen\\Application->callActionOnArrayBasedRoute()
#12 /home/georgesandoval/learning/lumen/restaurant/vendor/laravel/lumen-framework/src/Concerns/RoutesRequests.php(169): Laravel\\Lumen\\Application->handleFoundRoute()
#13 /home/georgesandoval/learning/lumen/restaurant/vendor/laravel/lumen-framework/src/Concerns/RoutesRequests.php(429): Laravel\\Lumen\\Application->Laravel\\Lumen\\Concerns\\{closure}()
#14 /home/georgesandoval/learning/lumen/restaurant/vendor/laravel/lumen-framework/src/Concerns/RoutesRequests.php(175): Laravel\\Lumen\\Application->sendThroughPipeline()
#15 /home/georgesandoval/learning/lumen/restaurant/vendor/laravel/lumen-framework/src/Concerns/RoutesRequests.php(112): Laravel\\Lumen\\Application->dispatch()
#16 /home/georgesandoval/learning/lumen/restaurant/public/index.php(28): Laravel\\Lumen\\Application->run()
#17 {main}
"} 
[2022-06-11 23:42:08] local.ERROR: A non-numeric value encountered {"exception":"[object] (ErrorException(code: 0): A non-numeric value encountered at /home/georgesandoval/learning/lumen/restaurant/app/Http/Controllers/PersonsController.php:15)
[stacktrace]
#0 /home/georgesandoval/learning/lumen/restaurant/vendor/laravel/lumen-framework/src/Concerns/RegistersExceptionHandlers.php(47): Laravel\\Lumen\\Application->handleError()
#1 /home/georgesandoval/learning/lumen/restaurant/app/Http/Controllers/PersonsController.php(15): Laravel\\Lumen\\Application->Laravel\\Lumen\\Concerns\\{closure}()
#2 /home/georgesandoval/learning/lumen/restaurant/vendor/illuminate/container/BoundMethod.php(36): App\\Http\\Controllers\\PersonsController->create()
#3 /home/georgesandoval/learning/lumen/restaurant/vendor/illuminate/container/Util.php(40): Illuminate\\Container\\BoundMethod::Illuminate\\Container\\{closure}()
#4 /home/georgesandoval/learning/lumen/restaurant/vendor/illuminate/container/BoundMethod.php(93): Illuminate\\Container\\Util::unwrapIfClosure()
#5 /home/georgesandoval/learning/lumen/restaurant/vendor/illuminate/container/BoundMethod.php(37): Illuminate\\Container\\BoundMethod::callBoundMethod()
#6 /home/georgesandoval/learning/lumen/restaurant/vendor/illuminate/container/Container.php(653): Illuminate\\Container\\BoundMethod::call()
#7 /home/georgesandoval/learning/lumen/restaurant/vendor/laravel/lumen-framework/src/Concerns/RoutesRequests.php(389): Illuminate\\Container\\Container->call()
#8 /home/georgesandoval/learning/lumen/restaurant/vendor/laravel/lumen-framework/src/Concerns/RoutesRequests.php(355): Laravel\\Lumen\\Application->callControllerCallable()
#9 /home/georgesandoval/learning/lumen/restaurant/vendor/laravel/lumen-framework/src/Concerns/RoutesRequests.php(329): Laravel\\Lumen\\Application->callLumenController()
#10 /home/georgesandoval/learning/lumen/restaurant/vendor/laravel/lumen-framework/src/Concerns/RoutesRequests.php(282): Laravel\\Lumen\\Application->callControllerAction()
#11 /home/georgesandoval/learning/lumen/restaurant/vendor/laravel/lumen-framework/src/Concerns/RoutesRequests.php(267): Laravel\\Lumen\\Application->callActionOnArrayBasedRoute()
#12 /home/georgesandoval/learning/lumen/restaurant/vendor/laravel/lumen-framework/src/Concerns/RoutesRequests.php(169): Laravel\\Lumen\\Application->handleFoundRoute()
#13 /home/georgesandoval/learning/lumen/restaurant/vendor/laravel/lumen-framework/src/Concerns/RoutesRequests.php(429): Laravel\\Lumen\\Application->Laravel\\Lumen\\Concerns\\{closure}()
#14 /home/georgesandoval/learning/lumen/restaurant/vendor/laravel/lumen-framework/src/Concerns/RoutesRequests.php(175): Laravel\\Lumen\\Application->sendThroughPipeline()
#15 /home/georgesandoval/learning/lumen/restaurant/vendor/laravel/lumen-framework/src/Concerns/RoutesRequests.php(112): Laravel\\Lumen\\Application->dispatch()
#16 /home/georgesandoval/learning/lumen/restaurant/public/index.php(28): Laravel\\Lumen\\Application->run()
#17 {main}
"} 
[2022-06-11 23:43:17] local.ERROR: A non-numeric value encountered {"exception":"[object] (ErrorException(code: 0): A non-numeric value encountered at /home/georgesandoval/learning/lumen/restaurant/app/Http/Controllers/PersonsController.php:15)
[stacktrace]
#0 /home/georgesandoval/learning/lumen/restaurant/vendor/laravel/lumen-framework/src/Concerns/RegistersExceptionHandlers.php(47): Laravel\\Lumen\\Application->handleError()
#1 /home/georgesandoval/learning/lumen/restaurant/app/Http/Controllers/PersonsController.php(15): Laravel\\Lumen\\Application->Laravel\\Lumen\\Concerns\\{closure}()
#2 /home/georgesandoval/learning/lumen/restaurant/vendor/illuminate/container/BoundMethod.php(36): App\\Http\\Controllers\\PersonsController->create()
#3 /home/georgesandoval/learning/lumen/restaurant/vendor/illuminate/container/Util.php(40): Illuminate\\Container\\BoundMethod::Illuminate\\Container\\{closure}()
#4 /home/georgesandoval/learning/lumen/restaurant/vendor/illuminate/container/BoundMethod.php(93): Illuminate\\Container\\Util::unwrapIfClosure()
#5 /home/georgesandoval/learning/lumen/restaurant/vendor/illuminate/container/BoundMethod.php(37): Illuminate\\Container\\BoundMethod::callBoundMethod()
#6 /home/georgesandoval/learning/lumen/restaurant/vendor/illuminate/container/Container.php(653): Illuminate\\Container\\BoundMethod::call()
#7 /home/georgesandoval/learning/lumen/restaurant/vendor/laravel/lumen-framework/src/Concerns/RoutesRequests.php(389): Illuminate\\Container\\Container->call()
#8 /home/georgesandoval/learning/lumen/restaurant/vendor/laravel/lumen-framework/src/Concerns/RoutesRequests.php(355): Laravel\\Lumen\\Application->callControllerCallable()
#9 /home/georgesandoval/learning/lumen/restaurant/vendor/laravel/lumen-framework/src/Concerns/RoutesRequests.php(329): Laravel\\Lumen\\Application->callLumenController()
#10 /home/georgesandoval/learning/lumen/restaurant/vendor/laravel/lumen-framework/src/Concerns/RoutesRequests.php(282): Laravel\\Lumen\\Application->callControllerAction()
#11 /home/georgesandoval/learning/lumen/restaurant/vendor/laravel/lumen-framework/src/Concerns/RoutesRequests.php(267): Laravel\\Lumen\\Application->callActionOnArrayBasedRoute()
#12 /home/georgesandoval/learning/lumen/restaurant/vendor/laravel/lumen-framework/src/Concerns/RoutesRequests.php(169): Laravel\\Lumen\\Application->handleFoundRoute()
#13 /home/georgesandoval/learning/lumen/restaurant/vendor/laravel/lumen-framework/src/Concerns/RoutesRequests.php(429): Laravel\\Lumen\\Application->Laravel\\Lumen\\Concerns\\{closure}()
#14 /home/georgesandoval/learning/lumen/restaurant/vendor/laravel/lumen-framework/src/Concerns/RoutesRequests.php(175): Laravel\\Lumen\\Application->sendThroughPipeline()
#15 /home/georgesandoval/learning/lumen/restaurant/vendor/laravel/lumen-framework/src/Concerns/RoutesRequests.php(112): Laravel\\Lumen\\Application->dispatch()
#16 /home/georgesandoval/learning/lumen/restaurant/public/index.php(28): Laravel\\Lumen\\Application->run()
#17 {main}
"} 
[2022-06-11 23:44:20] local.ERROR: SQLSTATE[42S22]: Column not found: 1054 Unknown column 'addres' in 'field list' (SQL: insert into `persons` (`document_type_id`, `document`, `name`, `lastname`, `fullname`, `birthday`, `email`, `sex`, `addres`, `country`, `city`, `updated_at`, `created_at`) values (2, 10749017924, George, Sandoval Estela,  , 26-04-2002, george@gmail.com, male, Av. Larco 181, Peru, Tingo María - Húanuco, 2022-06-11 23:44:20, 2022-06-11 23:44:20)) {"exception":"[object] (Illuminate\\Database\\QueryException(code: 42S22): SQLSTATE[42S22]: Column not found: 1054 Unknown column 'addres' in 'field list' (SQL: insert into `persons` (`document_type_id`, `document`, `name`, `lastname`, `fullname`, `birthday`, `email`, `sex`, `addres`, `country`, `city`, `updated_at`, `created_at`) values (2, 10749017924, George, Sandoval Estela, \u0000, 26-04-2002, george@gmail.com, male, Av. Larco 181, Peru, Tingo María - Húanuco, 2022-06-11 23:44:20, 2022-06-11 23:44:20)) at /home/georgesandoval/learning/lumen/restaurant/vendor/illuminate/database/Connection.php:712)
[stacktrace]
#0 /home/georgesandoval/learning/lumen/restaurant/vendor/illuminate/database/Connection.php(672): Illuminate\\Database\\Connection->runQueryCallback()
#1 /home/georgesandoval/learning/lumen/restaurant/vendor/illuminate/database/Connection.php(502): Illuminate\\Database\\Connection->run()
#2 /home/georgesandoval/learning/lumen/restaurant/vendor/illuminate/database/Connection.php(454): Illuminate\\Database\\Connection->statement()
#3 /home/georgesandoval/learning/lumen/restaurant/vendor/illuminate/database/Query/Processors/Processor.php(32): Illuminate\\Database\\Connection->insert()
#4 /home/georgesandoval/learning/lumen/restaurant/vendor/illuminate/database/Query/Builder.php(3028): Illuminate\\Database\\Query\\Processors\\Processor->processInsertGetId()
#5 /home/georgesandoval/learning/lumen/restaurant/vendor/illuminate/database/Eloquent/Builder.php(1657): Illuminate\\Database\\Query\\Builder->insertGetId()
#6 /home/georgesandoval/learning/lumen/restaurant/vendor/illuminate/database/Eloquent/Model.php(1188): Illuminate\\Database\\Eloquent\\Builder->__call()
#7 /home/georgesandoval/learning/lumen/restaurant/vendor/illuminate/database/Eloquent/Model.php(1153): Illuminate\\Database\\Eloquent\\Model->insertAndSetId()
#8 /home/georgesandoval/learning/lumen/restaurant/vendor/illuminate/database/Eloquent/Model.php(994): Illuminate\\Database\\Eloquent\\Model->performInsert()
#9 /home/georgesandoval/learning/lumen/restaurant/app/Http/Controllers/PersonsController.php(22): Illuminate\\Database\\Eloquent\\Model->save()
#10 /home/georgesandoval/learning/lumen/restaurant/vendor/illuminate/container/BoundMethod.php(36): App\\Http\\Controllers\\PersonsController->create()
#11 /home/georgesandoval/learning/lumen/restaurant/vendor/illuminate/container/Util.php(40): Illuminate\\Container\\BoundMethod::Illuminate\\Container\\{closure}()
#12 /home/georgesandoval/learning/lumen/restaurant/vendor/illuminate/container/BoundMethod.php(93): Illuminate\\Container\\Util::unwrapIfClosure()
#13 /home/georgesandoval/learning/lumen/restaurant/vendor/illuminate/container/BoundMethod.php(37): Illuminate\\Container\\BoundMethod::callBoundMethod()
#14 /home/georgesandoval/learning/lumen/restaurant/vendor/illuminate/container/Container.php(653): Illuminate\\Container\\BoundMethod::call()
#15 /home/georgesandoval/learning/lumen/restaurant/vendor/laravel/lumen-framework/src/Concerns/RoutesRequests.php(389): Illuminate\\Container\\Container->call()
#16 /home/georgesandoval/learning/lumen/restaurant/vendor/laravel/lumen-framework/src/Concerns/RoutesRequests.php(355): Laravel\\Lumen\\Application->callControllerCallable()
#17 /home/georgesandoval/learning/lumen/restaurant/vendor/laravel/lumen-framework/src/Concerns/RoutesRequests.php(329): Laravel\\Lumen\\Application->callLumenController()
#18 /home/georgesandoval/learning/lumen/restaurant/vendor/laravel/lumen-framework/src/Concerns/RoutesRequests.php(282): Laravel\\Lumen\\Application->callControllerAction()
#19 /home/georgesandoval/learning/lumen/restaurant/vendor/laravel/lumen-framework/src/Concerns/RoutesRequests.php(267): Laravel\\Lumen\\Application->callActionOnArrayBasedRoute()
#20 /home/georgesandoval/learning/lumen/restaurant/vendor/laravel/lumen-framework/src/Concerns/RoutesRequests.php(169): Laravel\\Lumen\\Application->handleFoundRoute()
#21 /home/georgesandoval/learning/lumen/restaurant/vendor/laravel/lumen-framework/src/Concerns/RoutesRequests.php(429): Laravel\\Lumen\\Application->Laravel\\Lumen\\Concerns\\{closure}()
#22 /home/georgesandoval/learning/lumen/restaurant/vendor/laravel/lumen-framework/src/Concerns/RoutesRequests.php(175): Laravel\\Lumen\\Application->sendThroughPipeline()
#23 /home/georgesandoval/learning/lumen/restaurant/vendor/laravel/lumen-framework/src/Concerns/RoutesRequests.php(112): Laravel\\Lumen\\Application->dispatch()
#24 /home/georgesandoval/learning/lumen/restaurant/public/index.php(28): Laravel\\Lumen\\Application->run()
#25 {main}

[previous exception] [object] (PDOException(code: 42S22): SQLSTATE[42S22]: Column not found: 1054 Unknown column 'addres' in 'field list' at /home/georgesandoval/learning/lumen/restaurant/vendor/illuminate/database/Connection.php:495)
[stacktrace]
#0 /home/georgesandoval/learning/lumen/restaurant/vendor/illuminate/database/Connection.php(495): PDO->prepare()
#1 /home/georgesandoval/learning/lumen/restaurant/vendor/illuminate/database/Connection.php(705): Illuminate\\Database\\Connection->Illuminate\\Database\\{closure}()
#2 /home/georgesandoval/learning/lumen/restaurant/vendor/illuminate/database/Connection.php(672): Illuminate\\Database\\Connection->runQueryCallback()
#3 /home/georgesandoval/learning/lumen/restaurant/vendor/illuminate/database/Connection.php(502): Illuminate\\Database\\Connection->run()
#4 /home/georgesandoval/learning/lumen/restaurant/vendor/illuminate/database/Connection.php(454): Illuminate\\Database\\Connection->statement()
#5 /home/georgesandoval/learning/lumen/restaurant/vendor/illuminate/database/Query/Processors/Processor.php(32): Illuminate\\Database\\Connection->insert()
#6 /home/georgesandoval/learning/lumen/restaurant/vendor/illuminate/database/Query/Builder.php(3028): Illuminate\\Database\\Query\\Processors\\Processor->processInsertGetId()
#7 /home/georgesandoval/learning/lumen/restaurant/vendor/illuminate/database/Eloquent/Builder.php(1657): Illuminate\\Database\\Query\\Builder->insertGetId()
#8 /home/georgesandoval/learning/lumen/restaurant/vendor/illuminate/database/Eloquent/Model.php(1188): Illuminate\\Database\\Eloquent\\Builder->__call()
#9 /home/georgesandoval/learning/lumen/restaurant/vendor/illuminate/database/Eloquent/Model.php(1153): Illuminate\\Database\\Eloquent\\Model->insertAndSetId()
#10 /home/georgesandoval/learning/lumen/restaurant/vendor/illuminate/database/Eloquent/Model.php(994): Illuminate\\Database\\Eloquent\\Model->performInsert()
#11 /home/georgesandoval/learning/lumen/restaurant/app/Http/Controllers/PersonsController.php(22): Illuminate\\Database\\Eloquent\\Model->save()
#12 /home/georgesandoval/learning/lumen/restaurant/vendor/illuminate/container/BoundMethod.php(36): App\\Http\\Controllers\\PersonsController->create()
#13 /home/georgesandoval/learning/lumen/restaurant/vendor/illuminate/container/Util.php(40): Illuminate\\Container\\BoundMethod::Illuminate\\Container\\{closure}()
#14 /home/georgesandoval/learning/lumen/restaurant/vendor/illuminate/container/BoundMethod.php(93): Illuminate\\Container\\Util::unwrapIfClosure()
#15 /home/georgesandoval/learning/lumen/restaurant/vendor/illuminate/container/BoundMethod.php(37): Illuminate\\Container\\BoundMethod::callBoundMethod()
#16 /home/georgesandoval/learning/lumen/restaurant/vendor/illuminate/container/Container.php(653): Illuminate\\Container\\BoundMethod::call()
#17 /home/georgesandoval/learning/lumen/restaurant/vendor/laravel/lumen-framework/src/Concerns/RoutesRequests.php(389): Illuminate\\Container\\Container->call()
#18 /home/georgesandoval/learning/lumen/restaurant/vendor/laravel/lumen-framework/src/Concerns/RoutesRequests.php(355): Laravel\\Lumen\\Application->callControllerCallable()
#19 /home/georgesandoval/learning/lumen/restaurant/vendor/laravel/lumen-framework/src/Concerns/RoutesRequests.php(329): Laravel\\Lumen\\Application->callLumenController()
#20 /home/georgesandoval/learning/lumen/restaurant/vendor/laravel/lumen-framework/src/Concerns/RoutesRequests.php(282): Laravel\\Lumen\\Application->callControllerAction()
#21 /home/georgesandoval/learning/lumen/restaurant/vendor/laravel/lumen-framework/src/Concerns/RoutesRequests.php(267): Laravel\\Lumen\\Application->callActionOnArrayBasedRoute()
#22 /home/georgesandoval/learning/lumen/restaurant/vendor/laravel/lumen-framework/src/Concerns/RoutesRequests.php(169): Laravel\\Lumen\\Application->handleFoundRoute()
#23 /home/georgesandoval/learning/lumen/restaurant/vendor/laravel/lumen-framework/src/Concerns/RoutesRequests.php(429): Laravel\\Lumen\\Application->Laravel\\Lumen\\Concerns\\{closure}()
#24 /home/georgesandoval/learning/lumen/restaurant/vendor/laravel/lumen-framework/src/Concerns/RoutesRequests.php(175): Laravel\\Lumen\\Application->sendThroughPipeline()
#25 /home/georgesandoval/learning/lumen/restaurant/vendor/laravel/lumen-framework/src/Concerns/RoutesRequests.php(112): Laravel\\Lumen\\Application->dispatch()
#26 /home/georgesandoval/learning/lumen/restaurant/public/index.php(28): Laravel\\Lumen\\Application->run()
#27 {main}
"} 
[2022-06-11 23:44:37] local.ERROR: SQLSTATE[HY000]: General error: 1364 Field 'ubigeo' doesn't have a default value (SQL: insert into `persons` (`document_type_id`, `document`, `name`, `lastname`, `fullname`, `birthday`, `email`, `sex`, `address`, `country`, `city`, `updated_at`, `created_at`) values (2, 10749017924, George, Sandoval Estela,  , 26-04-2002, george@gmail.com, male, Av. Larco 181, Peru, Tingo María - Húanuco, 2022-06-11 23:44:37, 2022-06-11 23:44:37)) {"exception":"[object] (Illuminate\\Database\\QueryException(code: HY000): SQLSTATE[HY000]: General error: 1364 Field 'ubigeo' doesn't have a default value (SQL: insert into `persons` (`document_type_id`, `document`, `name`, `lastname`, `fullname`, `birthday`, `email`, `sex`, `address`, `country`, `city`, `updated_at`, `created_at`) values (2, 10749017924, George, Sandoval Estela, \u0000, 26-04-2002, george@gmail.com, male, Av. Larco 181, Peru, Tingo María - Húanuco, 2022-06-11 23:44:37, 2022-06-11 23:44:37)) at /home/georgesandoval/learning/lumen/restaurant/vendor/illuminate/database/Connection.php:712)
[stacktrace]
#0 /home/georgesandoval/learning/lumen/restaurant/vendor/illuminate/database/Connection.php(672): Illuminate\\Database\\Connection->runQueryCallback()
#1 /home/georgesandoval/learning/lumen/restaurant/vendor/illuminate/database/Connection.php(502): Illuminate\\Database\\Connection->run()
#2 /home/georgesandoval/learning/lumen/restaurant/vendor/illuminate/database/Connection.php(454): Illuminate\\Database\\Connection->statement()
#3 /home/georgesandoval/learning/lumen/restaurant/vendor/illuminate/database/Query/Processors/Processor.php(32): Illuminate\\Database\\Connection->insert()
#4 /home/georgesandoval/learning/lumen/restaurant/vendor/illuminate/database/Query/Builder.php(3028): Illuminate\\Database\\Query\\Processors\\Processor->processInsertGetId()
#5 /home/georgesandoval/learning/lumen/restaurant/vendor/illuminate/database/Eloquent/Builder.php(1657): Illuminate\\Database\\Query\\Builder->insertGetId()
#6 /home/georgesandoval/learning/lumen/restaurant/vendor/illuminate/database/Eloquent/Model.php(1188): Illuminate\\Database\\Eloquent\\Builder->__call()
#7 /home/georgesandoval/learning/lumen/restaurant/vendor/illuminate/database/Eloquent/Model.php(1153): Illuminate\\Database\\Eloquent\\Model->insertAndSetId()
#8 /home/georgesandoval/learning/lumen/restaurant/vendor/illuminate/database/Eloquent/Model.php(994): Illuminate\\Database\\Eloquent\\Model->performInsert()
#9 /home/georgesandoval/learning/lumen/restaurant/app/Http/Controllers/PersonsController.php(22): Illuminate\\Database\\Eloquent\\Model->save()
#10 /home/georgesandoval/learning/lumen/restaurant/vendor/illuminate/container/BoundMethod.php(36): App\\Http\\Controllers\\PersonsController->create()
#11 /home/georgesandoval/learning/lumen/restaurant/vendor/illuminate/container/Util.php(40): Illuminate\\Container\\BoundMethod::Illuminate\\Container\\{closure}()
#12 /home/georgesandoval/learning/lumen/restaurant/vendor/illuminate/container/BoundMethod.php(93): Illuminate\\Container\\Util::unwrapIfClosure()
#13 /home/georgesandoval/learning/lumen/restaurant/vendor/illuminate/container/BoundMethod.php(37): Illuminate\\Container\\BoundMethod::callBoundMethod()
#14 /home/georgesandoval/learning/lumen/restaurant/vendor/illuminate/container/Container.php(653): Illuminate\\Container\\BoundMethod::call()
#15 /home/georgesandoval/learning/lumen/restaurant/vendor/laravel/lumen-framework/src/Concerns/RoutesRequests.php(389): Illuminate\\Container\\Container->call()
#16 /home/georgesandoval/learning/lumen/restaurant/vendor/laravel/lumen-framework/src/Concerns/RoutesRequests.php(355): Laravel\\Lumen\\Application->callControllerCallable()
#17 /home/georgesandoval/learning/lumen/restaurant/vendor/laravel/lumen-framework/src/Concerns/RoutesRequests.php(329): Laravel\\Lumen\\Application->callLumenController()
#18 /home/georgesandoval/learning/lumen/restaurant/vendor/laravel/lumen-framework/src/Concerns/RoutesRequests.php(282): Laravel\\Lumen\\Application->callControllerAction()
#19 /home/georgesandoval/learning/lumen/restaurant/vendor/laravel/lumen-framework/src/Concerns/RoutesRequests.php(267): Laravel\\Lumen\\Application->callActionOnArrayBasedRoute()
#20 /home/georgesandoval/learning/lumen/restaurant/vendor/laravel/lumen-framework/src/Concerns/RoutesRequests.php(169): Laravel\\Lumen\\Application->handleFoundRoute()
#21 /home/georgesandoval/learning/lumen/restaurant/vendor/laravel/lumen-framework/src/Concerns/RoutesRequests.php(429): Laravel\\Lumen\\Application->Laravel\\Lumen\\Concerns\\{closure}()
#22 /home/georgesandoval/learning/lumen/restaurant/vendor/laravel/lumen-framework/src/Concerns/RoutesRequests.php(175): Laravel\\Lumen\\Application->sendThroughPipeline()
#23 /home/georgesandoval/learning/lumen/restaurant/vendor/laravel/lumen-framework/src/Concerns/RoutesRequests.php(112): Laravel\\Lumen\\Application->dispatch()
#24 /home/georgesandoval/learning/lumen/restaurant/public/index.php(28): Laravel\\Lumen\\Application->run()
#25 {main}

[previous exception] [object] (PDOException(code: HY000): SQLSTATE[HY000]: General error: 1364 Field 'ubigeo' doesn't have a default value at /home/georgesandoval/learning/lumen/restaurant/vendor/illuminate/database/Connection.php:501)
[stacktrace]
#0 /home/georgesandoval/learning/lumen/restaurant/vendor/illuminate/database/Connection.php(501): PDOStatement->execute()
#1 /home/georgesandoval/learning/lumen/restaurant/vendor/illuminate/database/Connection.php(705): Illuminate\\Database\\Connection->Illuminate\\Database\\{closure}()
#2 /home/georgesandoval/learning/lumen/restaurant/vendor/illuminate/database/Connection.php(672): Illuminate\\Database\\Connection->runQueryCallback()
#3 /home/georgesandoval/learning/lumen/restaurant/vendor/illuminate/database/Connection.php(502): Illuminate\\Database\\Connection->run()
#4 /home/georgesandoval/learning/lumen/restaurant/vendor/illuminate/database/Connection.php(454): Illuminate\\Database\\Connection->statement()
#5 /home/georgesandoval/learning/lumen/restaurant/vendor/illuminate/database/Query/Processors/Processor.php(32): Illuminate\\Database\\Connection->insert()
#6 /home/georgesandoval/learning/lumen/restaurant/vendor/illuminate/database/Query/Builder.php(3028): Illuminate\\Database\\Query\\Processors\\Processor->processInsertGetId()
#7 /home/georgesandoval/learning/lumen/restaurant/vendor/illuminate/database/Eloquent/Builder.php(1657): Illuminate\\Database\\Query\\Builder->insertGetId()
#8 /home/georgesandoval/learning/lumen/restaurant/vendor/illuminate/database/Eloquent/Model.php(1188): Illuminate\\Database\\Eloquent\\Builder->__call()
#9 /home/georgesandoval/learning/lumen/restaurant/vendor/illuminate/database/Eloquent/Model.php(1153): Illuminate\\Database\\Eloquent\\Model->insertAndSetId()
#10 /home/georgesandoval/learning/lumen/restaurant/vendor/illuminate/database/Eloquent/Model.php(994): Illuminate\\Database\\Eloquent\\Model->performInsert()
#11 /home/georgesandoval/learning/lumen/restaurant/app/Http/Controllers/PersonsController.php(22): Illuminate\\Database\\Eloquent\\Model->save()
#12 /home/georgesandoval/learning/lumen/restaurant/vendor/illuminate/container/BoundMethod.php(36): App\\Http\\Controllers\\PersonsController->create()
#13 /home/georgesandoval/learning/lumen/restaurant/vendor/illuminate/container/Util.php(40): Illuminate\\Container\\BoundMethod::Illuminate\\Container\\{closure}()
#14 /home/georgesandoval/learning/lumen/restaurant/vendor/illuminate/container/BoundMethod.php(93): Illuminate\\Container\\Util::unwrapIfClosure()
#15 /home/georgesandoval/learning/lumen/restaurant/vendor/illuminate/container/BoundMethod.php(37): Illuminate\\Container\\BoundMethod::callBoundMethod()
#16 /home/georgesandoval/learning/lumen/restaurant/vendor/illuminate/container/Container.php(653): Illuminate\\Container\\BoundMethod::call()
#17 /home/georgesandoval/learning/lumen/restaurant/vendor/laravel/lumen-framework/src/Concerns/RoutesRequests.php(389): Illuminate\\Container\\Container->call()
#18 /home/georgesandoval/learning/lumen/restaurant/vendor/laravel/lumen-framework/src/Concerns/RoutesRequests.php(355): Laravel\\Lumen\\Application->callControllerCallable()
#19 /home/georgesandoval/learning/lumen/restaurant/vendor/laravel/lumen-framework/src/Concerns/RoutesRequests.php(329): Laravel\\Lumen\\Application->callLumenController()
#20 /home/georgesandoval/learning/lumen/restaurant/vendor/laravel/lumen-framework/src/Concerns/RoutesRequests.php(282): Laravel\\Lumen\\Application->callControllerAction()
#21 /home/georgesandoval/learning/lumen/restaurant/vendor/laravel/lumen-framework/src/Concerns/RoutesRequests.php(267): Laravel\\Lumen\\Application->callActionOnArrayBasedRoute()
#22 /home/georgesandoval/learning/lumen/restaurant/vendor/laravel/lumen-framework/src/Concerns/RoutesRequests.php(169): Laravel\\Lumen\\Application->handleFoundRoute()
#23 /home/georgesandoval/learning/lumen/restaurant/vendor/laravel/lumen-framework/src/Concerns/RoutesRequests.php(429): Laravel\\Lumen\\Application->Laravel\\Lumen\\Concerns\\{closure}()
#24 /home/georgesandoval/learning/lumen/restaurant/vendor/laravel/lumen-framework/src/Concerns/RoutesRequests.php(175): Laravel\\Lumen\\Application->sendThroughPipeline()
#25 /home/georgesandoval/learning/lumen/restaurant/vendor/laravel/lumen-framework/src/Concerns/RoutesRequests.php(112): Laravel\\Lumen\\Application->dispatch()
#26 /home/georgesandoval/learning/lumen/restaurant/public/index.php(28): Laravel\\Lumen\\Application->run()
#27 {main}
"} 
[2022-06-11 23:46:34] local.ERROR: SQLSTATE[22007]: Invalid datetime format: 1292 Incorrect datetime value: '26-04-2002' for column `restaurants`.`persons`.`birthday` at row 1 (SQL: insert into `persons` (`document_type_id`, `document`, `name`, `lastname`, `fullname`, `birthday`, `email`, `sex`, `address`, `country`, `city`, `ubigeo`, `updated_at`, `created_at`) values (2, 10749017924, George, Sandoval Estela,  , 26-04-2002, george@gmail.com, male, Av. Larco 181, Peru, Tingo María - Húanuco, 140103, 2022-06-11 23:46:34, 2022-06-11 23:46:34)) {"exception":"[object] (Illuminate\\Database\\QueryException(code: 22007): SQLSTATE[22007]: Invalid datetime format: 1292 Incorrect datetime value: '26-04-2002' for column `restaurants`.`persons`.`birthday` at row 1 (SQL: insert into `persons` (`document_type_id`, `document`, `name`, `lastname`, `fullname`, `birthday`, `email`, `sex`, `address`, `country`, `city`, `ubigeo`, `updated_at`, `created_at`) values (2, 10749017924, George, Sandoval Estela, \u0000, 26-04-2002, george@gmail.com, male, Av. Larco 181, Peru, Tingo María - Húanuco, 140103, 2022-06-11 23:46:34, 2022-06-11 23:46:34)) at /home/georgesandoval/learning/lumen/restaurant/vendor/illuminate/database/Connection.php:712)
[stacktrace]
#0 /home/georgesandoval/learning/lumen/restaurant/vendor/illuminate/database/Connection.php(672): Illuminate\\Database\\Connection->runQueryCallback()
#1 /home/georgesandoval/learning/lumen/restaurant/vendor/illuminate/database/Connection.php(502): Illuminate\\Database\\Connection->run()
#2 /home/georgesandoval/learning/lumen/restaurant/vendor/illuminate/database/Connection.php(454): Illuminate\\Database\\Connection->statement()
#3 /home/georgesandoval/learning/lumen/restaurant/vendor/illuminate/database/Query/Processors/Processor.php(32): Illuminate\\Database\\Connection->insert()
#4 /home/georgesandoval/learning/lumen/restaurant/vendor/illuminate/database/Query/Builder.php(3028): Illuminate\\Database\\Query\\Processors\\Processor->processInsertGetId()
#5 /home/georgesandoval/learning/lumen/restaurant/vendor/illuminate/database/Eloquent/Builder.php(1657): Illuminate\\Database\\Query\\Builder->insertGetId()
#6 /home/georgesandoval/learning/lumen/restaurant/vendor/illuminate/database/Eloquent/Model.php(1188): Illuminate\\Database\\Eloquent\\Builder->__call()
#7 /home/georgesandoval/learning/lumen/restaurant/vendor/illuminate/database/Eloquent/Model.php(1153): Illuminate\\Database\\Eloquent\\Model->insertAndSetId()
#8 /home/georgesandoval/learning/lumen/restaurant/vendor/illuminate/database/Eloquent/Model.php(994): Illuminate\\Database\\Eloquent\\Model->performInsert()
#9 /home/georgesandoval/learning/lumen/restaurant/app/Http/Controllers/PersonsController.php(23): Illuminate\\Database\\Eloquent\\Model->save()
#10 /home/georgesandoval/learning/lumen/restaurant/vendor/illuminate/container/BoundMethod.php(36): App\\Http\\Controllers\\PersonsController->create()
#11 /home/georgesandoval/learning/lumen/restaurant/vendor/illuminate/container/Util.php(40): Illuminate\\Container\\BoundMethod::Illuminate\\Container\\{closure}()
#12 /home/georgesandoval/learning/lumen/restaurant/vendor/illuminate/container/BoundMethod.php(93): Illuminate\\Container\\Util::unwrapIfClosure()
#13 /home/georgesandoval/learning/lumen/restaurant/vendor/illuminate/container/BoundMethod.php(37): Illuminate\\Container\\BoundMethod::callBoundMethod()
#14 /home/georgesandoval/learning/lumen/restaurant/vendor/illuminate/container/Container.php(653): Illuminate\\Container\\BoundMethod::call()
#15 /home/georgesandoval/learning/lumen/restaurant/vendor/laravel/lumen-framework/src/Concerns/RoutesRequests.php(389): Illuminate\\Container\\Container->call()
#16 /home/georgesandoval/learning/lumen/restaurant/vendor/laravel/lumen-framework/src/Concerns/RoutesRequests.php(355): Laravel\\Lumen\\Application->callControllerCallable()
#17 /home/georgesandoval/learning/lumen/restaurant/vendor/laravel/lumen-framework/src/Concerns/RoutesRequests.php(329): Laravel\\Lumen\\Application->callLumenController()
#18 /home/georgesandoval/learning/lumen/restaurant/vendor/laravel/lumen-framework/src/Concerns/RoutesRequests.php(282): Laravel\\Lumen\\Application->callControllerAction()
#19 /home/georgesandoval/learning/lumen/restaurant/vendor/laravel/lumen-framework/src/Concerns/RoutesRequests.php(267): Laravel\\Lumen\\Application->callActionOnArrayBasedRoute()
#20 /home/georgesandoval/learning/lumen/restaurant/vendor/laravel/lumen-framework/src/Concerns/RoutesRequests.php(169): Laravel\\Lumen\\Application->handleFoundRoute()
#21 /home/georgesandoval/learning/lumen/restaurant/vendor/laravel/lumen-framework/src/Concerns/RoutesRequests.php(429): Laravel\\Lumen\\Application->Laravel\\Lumen\\Concerns\\{closure}()
#22 /home/georgesandoval/learning/lumen/restaurant/vendor/laravel/lumen-framework/src/Concerns/RoutesRequests.php(175): Laravel\\Lumen\\Application->sendThroughPipeline()
#23 /home/georgesandoval/learning/lumen/restaurant/vendor/laravel/lumen-framework/src/Concerns/RoutesRequests.php(112): Laravel\\Lumen\\Application->dispatch()
#24 /home/georgesandoval/learning/lumen/restaurant/public/index.php(28): Laravel\\Lumen\\Application->run()
#25 {main}

[previous exception] [object] (PDOException(code: 22007): SQLSTATE[22007]: Invalid datetime format: 1292 Incorrect datetime value: '26-04-2002' for column `restaurants`.`persons`.`birthday` at row 1 at /home/georgesandoval/learning/lumen/restaurant/vendor/illuminate/database/Connection.php:501)
[stacktrace]
#0 /home/georgesandoval/learning/lumen/restaurant/vendor/illuminate/database/Connection.php(501): PDOStatement->execute()
#1 /home/georgesandoval/learning/lumen/restaurant/vendor/illuminate/database/Connection.php(705): Illuminate\\Database\\Connection->Illuminate\\Database\\{closure}()
#2 /home/georgesandoval/learning/lumen/restaurant/vendor/illuminate/database/Connection.php(672): Illuminate\\Database\\Connection->runQueryCallback()
#3 /home/georgesandoval/learning/lumen/restaurant/vendor/illuminate/database/Connection.php(502): Illuminate\\Database\\Connection->run()
#4 /home/georgesandoval/learning/lumen/restaurant/vendor/illuminate/database/Connection.php(454): Illuminate\\Database\\Connection->statement()
#5 /home/georgesandoval/learning/lumen/restaurant/vendor/illuminate/database/Query/Processors/Processor.php(32): Illuminate\\Database\\Connection->insert()
#6 /home/georgesandoval/learning/lumen/restaurant/vendor/illuminate/database/Query/Builder.php(3028): Illuminate\\Database\\Query\\Processors\\Processor->processInsertGetId()
#7 /home/georgesandoval/learning/lumen/restaurant/vendor/illuminate/database/Eloquent/Builder.php(1657): Illuminate\\Database\\Query\\Builder->insertGetId()
#8 /home/georgesandoval/learning/lumen/restaurant/vendor/illuminate/database/Eloquent/Model.php(1188): Illuminate\\Database\\Eloquent\\Builder->__call()
#9 /home/georgesandoval/learning/lumen/restaurant/vendor/illuminate/database/Eloquent/Model.php(1153): Illuminate\\Database\\Eloquent\\Model->insertAndSetId()
#10 /home/georgesandoval/learning/lumen/restaurant/vendor/illuminate/database/Eloquent/Model.php(994): Illuminate\\Database\\Eloquent\\Model->performInsert()
#11 /home/georgesandoval/learning/lumen/restaurant/app/Http/Controllers/PersonsController.php(23): Illuminate\\Database\\Eloquent\\Model->save()
#12 /home/georgesandoval/learning/lumen/restaurant/vendor/illuminate/container/BoundMethod.php(36): App\\Http\\Controllers\\PersonsController->create()
#13 /home/georgesandoval/learning/lumen/restaurant/vendor/illuminate/container/Util.php(40): Illuminate\\Container\\BoundMethod::Illuminate\\Container\\{closure}()
#14 /home/georgesandoval/learning/lumen/restaurant/vendor/illuminate/container/BoundMethod.php(93): Illuminate\\Container\\Util::unwrapIfClosure()
#15 /home/georgesandoval/learning/lumen/restaurant/vendor/illuminate/container/BoundMethod.php(37): Illuminate\\Container\\BoundMethod::callBoundMethod()
#16 /home/georgesandoval/learning/lumen/restaurant/vendor/illuminate/container/Container.php(653): Illuminate\\Container\\BoundMethod::call()
#17 /home/georgesandoval/learning/lumen/restaurant/vendor/laravel/lumen-framework/src/Concerns/RoutesRequests.php(389): Illuminate\\Container\\Container->call()
#18 /home/georgesandoval/learning/lumen/restaurant/vendor/laravel/lumen-framework/src/Concerns/RoutesRequests.php(355): Laravel\\Lumen\\Application->callControllerCallable()
#19 /home/georgesandoval/learning/lumen/restaurant/vendor/laravel/lumen-framework/src/Concerns/RoutesRequests.php(329): Laravel\\Lumen\\Application->callLumenController()
#20 /home/georgesandoval/learning/lumen/restaurant/vendor/laravel/lumen-framework/src/Concerns/RoutesRequests.php(282): Laravel\\Lumen\\Application->callControllerAction()
#21 /home/georgesandoval/learning/lumen/restaurant/vendor/laravel/lumen-framework/src/Concerns/RoutesRequests.php(267): Laravel\\Lumen\\Application->callActionOnArrayBasedRoute()
#22 /home/georgesandoval/learning/lumen/restaurant/vendor/laravel/lumen-framework/src/Concerns/RoutesRequests.php(169): Laravel\\Lumen\\Application->handleFoundRoute()
#23 /home/georgesandoval/learning/lumen/restaurant/vendor/laravel/lumen-framework/src/Concerns/RoutesRequests.php(429): Laravel\\Lumen\\Application->Laravel\\Lumen\\Concerns\\{closure}()
#24 /home/georgesandoval/learning/lumen/restaurant/vendor/laravel/lumen-framework/src/Concerns/RoutesRequests.php(175): Laravel\\Lumen\\Application->sendThroughPipeline()
#25 /home/georgesandoval/learning/lumen/restaurant/vendor/laravel/lumen-framework/src/Concerns/RoutesRequests.php(112): Laravel\\Lumen\\Application->dispatch()
#26 /home/georgesandoval/learning/lumen/restaurant/public/index.php(28): Laravel\\Lumen\\Application->run()
#27 {main}
"} 
