[2022-06-09 14:29:23] local.ERROR: Method Illuminate\Database\Schema\Blueprint::foreing does not exist. {"exception":"[object] (BadMethodCallException(code: 0): Method Illuminate\\Database\\Schema\\Blueprint::foreing does not exist. at /home/georgesandoval/learning/lumen/restaurant/vendor/illuminate/macroable/Traits/Macroable.php:113)
[stacktrace]
#0 /home/georgesandoval/learning/lumen/restaurant/database/migrations/2022_06_09_131531_persons.php(18): Illuminate\\Database\\Schema\\Blueprint->__call()
#1 /home/georgesandoval/learning/lumen/restaurant/vendor/illuminate/database/Schema/Builder.php(226): Persons->{closure}()
#2 /home/georgesandoval/learning/lumen/restaurant/vendor/illuminate/support/helpers.php(263): Illuminate\\Database\\Schema\\Builder->Illuminate\\Database\\Schema\\{closure}()
#3 /home/georgesandoval/learning/lumen/restaurant/vendor/illuminate/database/Schema/Builder.php(227): tap()
#4 /home/georgesandoval/learning/lumen/restaurant/vendor/illuminate/support/Facades/Facade.php(261): Illuminate\\Database\\Schema\\Builder->create()
#5 /home/georgesandoval/learning/lumen/restaurant/database/migrations/2022_06_09_131531_persons.php(32): Illuminate\\Support\\Facades\\Facade::__callStatic()
#6 /home/georgesandoval/learning/lumen/restaurant/vendor/illuminate/database/Migrations/Migrator.php(472): Persons->up()
#7 /home/georgesandoval/learning/lumen/restaurant/vendor/illuminate/database/Migrations/Migrator.php(394): Illuminate\\Database\\Migrations\\Migrator->runMethod()
#8 /home/georgesandoval/learning/lumen/restaurant/vendor/illuminate/database/Migrations/Migrator.php(403): Illuminate\\Database\\Migrations\\Migrator->Illuminate\\Database\\Migrations\\{closure}()
#9 /home/georgesandoval/learning/lumen/restaurant/vendor/illuminate/database/Migrations/Migrator.php(202): Illuminate\\Database\\Migrations\\Migrator->runMigration()
#10 /home/georgesandoval/learning/lumen/restaurant/vendor/illuminate/database/Migrations/Migrator.php(167): Illuminate\\Database\\Migrations\\Migrator->runUp()
#11 /home/georgesandoval/learning/lumen/restaurant/vendor/illuminate/database/Migrations/Migrator.php(112): Illuminate\\Database\\Migrations\\Migrator->runPending()
#12 /home/georgesandoval/learning/lumen/restaurant/vendor/illuminate/database/Console/Migrations/MigrateCommand.php(86): Illuminate\\Database\\Migrations\\Migrator->run()
#13 /home/georgesandoval/learning/lumen/restaurant/vendor/illuminate/database/Migrations/Migrator.php(606): Illuminate\\Database\\Console\\Migrations\\MigrateCommand->Illuminate\\Database\\Console\\Migrations\\{closure}()
#14 /home/georgesandoval/learning/lumen/restaurant/vendor/illuminate/database/Console/Migrations/MigrateCommand.php(98): Illuminate\\Database\\Migrations\\Migrator->usingConnection()
#15 /home/georgesandoval/learning/lumen/restaurant/vendor/illuminate/container/BoundMethod.php(36): Illuminate\\Database\\Console\\Migrations\\MigrateCommand->handle()
#16 /home/georgesandoval/learning/lumen/restaurant/vendor/illuminate/container/Util.php(40): Illuminate\\Container\\BoundMethod::Illuminate\\Container\\{closure}()
#17 /home/georgesandoval/learning/lumen/restaurant/vendor/illuminate/container/BoundMethod.php(93): Illuminate\\Container\\Util::unwrapIfClosure()
#18 /home/georgesandoval/learning/lumen/restaurant/vendor/illuminate/container/BoundMethod.php(37): Illuminate\\Container\\BoundMethod::callBoundMethod()
#19 /home/georgesandoval/learning/lumen/restaurant/vendor/illuminate/container/Container.php(653): Illuminate\\Container\\BoundMethod::call()
#20 /home/georgesandoval/learning/lumen/restaurant/vendor/illuminate/console/Command.php(136): Illuminate\\Container\\Container->call()
#21 /home/georgesandoval/learning/lumen/restaurant/vendor/symfony/console/Command/Command.php(298): Illuminate\\Console\\Command->execute()
#22 /home/georgesandoval/learning/lumen/restaurant/vendor/illuminate/console/Command.php(121): Symfony\\Component\\Console\\Command\\Command->run()
#23 /home/georgesandoval/learning/lumen/restaurant/vendor/symfony/console/Application.php(1024): Illuminate\\Console\\Command->run()
#24 /home/georgesandoval/learning/lumen/restaurant/vendor/symfony/console/Application.php(299): Symfony\\Component\\Console\\Application->doRunCommand()
#25 /home/georgesandoval/learning/lumen/restaurant/vendor/symfony/console/Application.php(171): Symfony\\Component\\Console\\Application->doRun()
#26 /home/georgesandoval/learning/lumen/restaurant/vendor/illuminate/console/Application.php(94): Symfony\\Component\\Console\\Application->run()
#27 /home/georgesandoval/learning/lumen/restaurant/vendor/laravel/lumen-framework/src/Console/Kernel.php(116): Illuminate\\Console\\Application->run()
#28 /home/georgesandoval/learning/lumen/restaurant/artisan(35): Laravel\\Lumen\\Console\\Kernel->handle()
#29 {main}
"} 
[2022-06-09 14:29:46] local.ERROR: Method Illuminate\Database\Schema\Blueprint::foreing does not exist. {"exception":"[object] (BadMethodCallException(code: 0): Method Illuminate\\Database\\Schema\\Blueprint::foreing does not exist. at /home/georgesandoval/learning/lumen/restaurant/vendor/illuminate/macroable/Traits/Macroable.php:113)
[stacktrace]
#0 /home/georgesandoval/learning/lumen/restaurant/database/migrations/2022_06_09_131531_persons.php(18): Illuminate\\Database\\Schema\\Blueprint->__call()
#1 /home/georgesandoval/learning/lumen/restaurant/vendor/illuminate/database/Schema/Builder.php(226): Persons->{closure}()
#2 /home/georgesandoval/learning/lumen/restaurant/vendor/illuminate/support/helpers.php(263): Illuminate\\Database\\Schema\\Builder->Illuminate\\Database\\Schema\\{closure}()
#3 /home/georgesandoval/learning/lumen/restaurant/vendor/illuminate/database/Schema/Builder.php(227): tap()
#4 /home/georgesandoval/learning/lumen/restaurant/vendor/illuminate/support/Facades/Facade.php(261): Illuminate\\Database\\Schema\\Builder->create()
#5 /home/georgesandoval/learning/lumen/restaurant/database/migrations/2022_06_09_131531_persons.php(32): Illuminate\\Support\\Facades\\Facade::__callStatic()
#6 /home/georgesandoval/learning/lumen/restaurant/vendor/illuminate/database/Migrations/Migrator.php(472): Persons->up()
#7 /home/georgesandoval/learning/lumen/restaurant/vendor/illuminate/database/Migrations/Migrator.php(394): Illuminate\\Database\\Migrations\\Migrator->runMethod()
#8 /home/georgesandoval/learning/lumen/restaurant/vendor/illuminate/database/Migrations/Migrator.php(403): Illuminate\\Database\\Migrations\\Migrator->Illuminate\\Database\\Migrations\\{closure}()
#9 /home/georgesandoval/learning/lumen/restaurant/vendor/illuminate/database/Migrations/Migrator.php(202): Illuminate\\Database\\Migrations\\Migrator->runMigration()
#10 /home/georgesandoval/learning/lumen/restaurant/vendor/illuminate/database/Migrations/Migrator.php(167): Illuminate\\Database\\Migrations\\Migrator->runUp()
#11 /home/georgesandoval/learning/lumen/restaurant/vendor/illuminate/database/Migrations/Migrator.php(112): Illuminate\\Database\\Migrations\\Migrator->runPending()
#12 /home/georgesandoval/learning/lumen/restaurant/vendor/illuminate/database/Console/Migrations/MigrateCommand.php(86): Illuminate\\Database\\Migrations\\Migrator->run()
#13 /home/georgesandoval/learning/lumen/restaurant/vendor/illuminate/database/Migrations/Migrator.php(606): Illuminate\\Database\\Console\\Migrations\\MigrateCommand->Illuminate\\Database\\Console\\Migrations\\{closure}()
#14 /home/georgesandoval/learning/lumen/restaurant/vendor/illuminate/database/Console/Migrations/MigrateCommand.php(98): Illuminate\\Database\\Migrations\\Migrator->usingConnection()
#15 /home/georgesandoval/learning/lumen/restaurant/vendor/illuminate/container/BoundMethod.php(36): Illuminate\\Database\\Console\\Migrations\\MigrateCommand->handle()
#16 /home/georgesandoval/learning/lumen/restaurant/vendor/illuminate/container/Util.php(40): Illuminate\\Container\\BoundMethod::Illuminate\\Container\\{closure}()
#17 /home/georgesandoval/learning/lumen/restaurant/vendor/illuminate/container/BoundMethod.php(93): Illuminate\\Container\\Util::unwrapIfClosure()
#18 /home/georgesandoval/learning/lumen/restaurant/vendor/illuminate/container/BoundMethod.php(37): Illuminate\\Container\\BoundMethod::callBoundMethod()
#19 /home/georgesandoval/learning/lumen/restaurant/vendor/illuminate/container/Container.php(653): Illuminate\\Container\\BoundMethod::call()
#20 /home/georgesandoval/learning/lumen/restaurant/vendor/illuminate/console/Command.php(136): Illuminate\\Container\\Container->call()
#21 /home/georgesandoval/learning/lumen/restaurant/vendor/symfony/console/Command/Command.php(298): Illuminate\\Console\\Command->execute()
#22 /home/georgesandoval/learning/lumen/restaurant/vendor/illuminate/console/Command.php(121): Symfony\\Component\\Console\\Command\\Command->run()
#23 /home/georgesandoval/learning/lumen/restaurant/vendor/symfony/console/Application.php(1024): Illuminate\\Console\\Command->run()
#24 /home/georgesandoval/learning/lumen/restaurant/vendor/symfony/console/Application.php(299): Symfony\\Component\\Console\\Application->doRunCommand()
#25 /home/georgesandoval/learning/lumen/restaurant/vendor/symfony/console/Application.php(171): Symfony\\Component\\Console\\Application->doRun()
#26 /home/georgesandoval/learning/lumen/restaurant/vendor/illuminate/console/Application.php(94): Symfony\\Component\\Console\\Application->run()
#27 /home/georgesandoval/learning/lumen/restaurant/vendor/laravel/lumen-framework/src/Console/Kernel.php(116): Illuminate\\Console\\Application->run()
#28 /home/georgesandoval/learning/lumen/restaurant/artisan(35): Laravel\\Lumen\\Console\\Kernel->handle()
#29 {main}
"} 
[2022-06-09 14:35:05] local.ERROR: Method Illuminate\Database\Schema\Blueprint::foreing does not exist. {"exception":"[object] (BadMethodCallException(code: 0): Method Illuminate\\Database\\Schema\\Blueprint::foreing does not exist. at /home/georgesandoval/learning/lumen/restaurant/vendor/illuminate/macroable/Traits/Macroable.php:113)
[stacktrace]
#0 /home/georgesandoval/learning/lumen/restaurant/database/migrations/2022_06_09_131531_persons.php(18): Illuminate\\Database\\Schema\\Blueprint->__call()
#1 /home/georgesandoval/learning/lumen/restaurant/vendor/illuminate/database/Schema/Builder.php(226): Persons->{closure}()
#2 /home/georgesandoval/learning/lumen/restaurant/vendor/illuminate/support/helpers.php(263): Illuminate\\Database\\Schema\\Builder->Illuminate\\Database\\Schema\\{closure}()
#3 /home/georgesandoval/learning/lumen/restaurant/vendor/illuminate/database/Schema/Builder.php(227): tap()
#4 /home/georgesandoval/learning/lumen/restaurant/vendor/illuminate/support/Facades/Facade.php(261): Illuminate\\Database\\Schema\\Builder->create()
#5 /home/georgesandoval/learning/lumen/restaurant/database/migrations/2022_06_09_131531_persons.php(32): Illuminate\\Support\\Facades\\Facade::__callStatic()
#6 /home/georgesandoval/learning/lumen/restaurant/vendor/illuminate/database/Migrations/Migrator.php(472): Persons->up()
#7 /home/georgesandoval/learning/lumen/restaurant/vendor/illuminate/database/Migrations/Migrator.php(394): Illuminate\\Database\\Migrations\\Migrator->runMethod()
#8 /home/georgesandoval/learning/lumen/restaurant/vendor/illuminate/database/Migrations/Migrator.php(403): Illuminate\\Database\\Migrations\\Migrator->Illuminate\\Database\\Migrations\\{closure}()
#9 /home/georgesandoval/learning/lumen/restaurant/vendor/illuminate/database/Migrations/Migrator.php(202): Illuminate\\Database\\Migrations\\Migrator->runMigration()
#10 /home/georgesandoval/learning/lumen/restaurant/vendor/illuminate/database/Migrations/Migrator.php(167): Illuminate\\Database\\Migrations\\Migrator->runUp()
#11 /home/georgesandoval/learning/lumen/restaurant/vendor/illuminate/database/Migrations/Migrator.php(112): Illuminate\\Database\\Migrations\\Migrator->runPending()
#12 /home/georgesandoval/learning/lumen/restaurant/vendor/illuminate/database/Console/Migrations/MigrateCommand.php(86): Illuminate\\Database\\Migrations\\Migrator->run()
#13 /home/georgesandoval/learning/lumen/restaurant/vendor/illuminate/database/Migrations/Migrator.php(606): Illuminate\\Database\\Console\\Migrations\\MigrateCommand->Illuminate\\Database\\Console\\Migrations\\{closure}()
#14 /home/georgesandoval/learning/lumen/restaurant/vendor/illuminate/database/Console/Migrations/MigrateCommand.php(98): Illuminate\\Database\\Migrations\\Migrator->usingConnection()
#15 /home/georgesandoval/learning/lumen/restaurant/vendor/illuminate/container/BoundMethod.php(36): Illuminate\\Database\\Console\\Migrations\\MigrateCommand->handle()
#16 /home/georgesandoval/learning/lumen/restaurant/vendor/illuminate/container/Util.php(40): Illuminate\\Container\\BoundMethod::Illuminate\\Container\\{closure}()
#17 /home/georgesandoval/learning/lumen/restaurant/vendor/illuminate/container/BoundMethod.php(93): Illuminate\\Container\\Util::unwrapIfClosure()
#18 /home/georgesandoval/learning/lumen/restaurant/vendor/illuminate/container/BoundMethod.php(37): Illuminate\\Container\\BoundMethod::callBoundMethod()
#19 /home/georgesandoval/learning/lumen/restaurant/vendor/illuminate/container/Container.php(653): Illuminate\\Container\\BoundMethod::call()
#20 /home/georgesandoval/learning/lumen/restaurant/vendor/illuminate/console/Command.php(136): Illuminate\\Container\\Container->call()
#21 /home/georgesandoval/learning/lumen/restaurant/vendor/symfony/console/Command/Command.php(298): Illuminate\\Console\\Command->execute()
#22 /home/georgesandoval/learning/lumen/restaurant/vendor/illuminate/console/Command.php(121): Symfony\\Component\\Console\\Command\\Command->run()
#23 /home/georgesandoval/learning/lumen/restaurant/vendor/symfony/console/Application.php(1024): Illuminate\\Console\\Command->run()
#24 /home/georgesandoval/learning/lumen/restaurant/vendor/symfony/console/Application.php(299): Symfony\\Component\\Console\\Application->doRunCommand()
#25 /home/georgesandoval/learning/lumen/restaurant/vendor/symfony/console/Application.php(171): Symfony\\Component\\Console\\Application->doRun()
#26 /home/georgesandoval/learning/lumen/restaurant/vendor/illuminate/console/Application.php(94): Symfony\\Component\\Console\\Application->run()
#27 /home/georgesandoval/learning/lumen/restaurant/vendor/laravel/lumen-framework/src/Console/Kernel.php(116): Illuminate\\Console\\Application->run()
#28 /home/georgesandoval/learning/lumen/restaurant/artisan(35): Laravel\\Lumen\\Console\\Kernel->handle()
#29 {main}
"} 
[2022-06-09 14:41:31] local.ERROR: Command "make:migrate" is not defined.

Did you mean one of these?
    make:migration
    make:seeder {"exception":"[object] (Symfony\\Component\\Console\\Exception\\CommandNotFoundException(code: 0): Command \"make:migrate\" is not defined.

Did you mean one of these?
    make:migration
    make:seeder at /home/georgesandoval/learning/lumen/restaurant/vendor/symfony/console/Application.php:718)
[stacktrace]
#0 /home/georgesandoval/learning/lumen/restaurant/vendor/symfony/console/Application.php(259): Symfony\\Component\\Console\\Application->find()
#1 /home/georgesandoval/learning/lumen/restaurant/vendor/symfony/console/Application.php(171): Symfony\\Component\\Console\\Application->doRun()
#2 /home/georgesandoval/learning/lumen/restaurant/vendor/illuminate/console/Application.php(94): Symfony\\Component\\Console\\Application->run()
#3 /home/georgesandoval/learning/lumen/restaurant/vendor/laravel/lumen-framework/src/Console/Kernel.php(116): Illuminate\\Console\\Application->run()
#4 /home/georgesandoval/learning/lumen/restaurant/artisan(35): Laravel\\Lumen\\Console\\Kernel->handle()
#5 {main}
"} 
[2022-06-09 14:45:14] local.ERROR: Method Illuminate\Database\Schema\Blueprint::foreing does not exist. {"exception":"[object] (BadMethodCallException(code: 0): Method Illuminate\\Database\\Schema\\Blueprint::foreing does not exist. at /home/georgesandoval/learning/lumen/restaurant/vendor/illuminate/macroable/Traits/Macroable.php:113)
[stacktrace]
#0 /home/georgesandoval/learning/lumen/restaurant/database/migrations/2022_06_09_144334_persons.php(18): Illuminate\\Database\\Schema\\Blueprint->__call()
#1 /home/georgesandoval/learning/lumen/restaurant/vendor/illuminate/database/Schema/Builder.php(226): Persons->{closure}()
#2 /home/georgesandoval/learning/lumen/restaurant/vendor/illuminate/support/helpers.php(263): Illuminate\\Database\\Schema\\Builder->Illuminate\\Database\\Schema\\{closure}()
#3 /home/georgesandoval/learning/lumen/restaurant/vendor/illuminate/database/Schema/Builder.php(227): tap()
#4 /home/georgesandoval/learning/lumen/restaurant/vendor/illuminate/support/Facades/Facade.php(261): Illuminate\\Database\\Schema\\Builder->create()
#5 /home/georgesandoval/learning/lumen/restaurant/database/migrations/2022_06_09_144334_persons.php(32): Illuminate\\Support\\Facades\\Facade::__callStatic()
#6 /home/georgesandoval/learning/lumen/restaurant/vendor/illuminate/database/Migrations/Migrator.php(472): Persons->up()
#7 /home/georgesandoval/learning/lumen/restaurant/vendor/illuminate/database/Migrations/Migrator.php(394): Illuminate\\Database\\Migrations\\Migrator->runMethod()
#8 /home/georgesandoval/learning/lumen/restaurant/vendor/illuminate/database/Migrations/Migrator.php(403): Illuminate\\Database\\Migrations\\Migrator->Illuminate\\Database\\Migrations\\{closure}()
#9 /home/georgesandoval/learning/lumen/restaurant/vendor/illuminate/database/Migrations/Migrator.php(202): Illuminate\\Database\\Migrations\\Migrator->runMigration()
#10 /home/georgesandoval/learning/lumen/restaurant/vendor/illuminate/database/Migrations/Migrator.php(167): Illuminate\\Database\\Migrations\\Migrator->runUp()
#11 /home/georgesandoval/learning/lumen/restaurant/vendor/illuminate/database/Migrations/Migrator.php(112): Illuminate\\Database\\Migrations\\Migrator->runPending()
#12 /home/georgesandoval/learning/lumen/restaurant/vendor/illuminate/database/Console/Migrations/MigrateCommand.php(86): Illuminate\\Database\\Migrations\\Migrator->run()
#13 /home/georgesandoval/learning/lumen/restaurant/vendor/illuminate/database/Migrations/Migrator.php(606): Illuminate\\Database\\Console\\Migrations\\MigrateCommand->Illuminate\\Database\\Console\\Migrations\\{closure}()
#14 /home/georgesandoval/learning/lumen/restaurant/vendor/illuminate/database/Console/Migrations/MigrateCommand.php(98): Illuminate\\Database\\Migrations\\Migrator->usingConnection()
#15 /home/georgesandoval/learning/lumen/restaurant/vendor/illuminate/container/BoundMethod.php(36): Illuminate\\Database\\Console\\Migrations\\MigrateCommand->handle()
#16 /home/georgesandoval/learning/lumen/restaurant/vendor/illuminate/container/Util.php(40): Illuminate\\Container\\BoundMethod::Illuminate\\Container\\{closure}()
#17 /home/georgesandoval/learning/lumen/restaurant/vendor/illuminate/container/BoundMethod.php(93): Illuminate\\Container\\Util::unwrapIfClosure()
#18 /home/georgesandoval/learning/lumen/restaurant/vendor/illuminate/container/BoundMethod.php(37): Illuminate\\Container\\BoundMethod::callBoundMethod()
#19 /home/georgesandoval/learning/lumen/restaurant/vendor/illuminate/container/Container.php(653): Illuminate\\Container\\BoundMethod::call()
#20 /home/georgesandoval/learning/lumen/restaurant/vendor/illuminate/console/Command.php(136): Illuminate\\Container\\Container->call()
#21 /home/georgesandoval/learning/lumen/restaurant/vendor/symfony/console/Command/Command.php(298): Illuminate\\Console\\Command->execute()
#22 /home/georgesandoval/learning/lumen/restaurant/vendor/illuminate/console/Command.php(121): Symfony\\Component\\Console\\Command\\Command->run()
#23 /home/georgesandoval/learning/lumen/restaurant/vendor/symfony/console/Application.php(1024): Illuminate\\Console\\Command->run()
#24 /home/georgesandoval/learning/lumen/restaurant/vendor/symfony/console/Application.php(299): Symfony\\Component\\Console\\Application->doRunCommand()
#25 /home/georgesandoval/learning/lumen/restaurant/vendor/symfony/console/Application.php(171): Symfony\\Component\\Console\\Application->doRun()
#26 /home/georgesandoval/learning/lumen/restaurant/vendor/illuminate/console/Application.php(94): Symfony\\Component\\Console\\Application->run()
#27 /home/georgesandoval/learning/lumen/restaurant/vendor/laravel/lumen-framework/src/Console/Kernel.php(116): Illuminate\\Console\\Application->run()
#28 /home/georgesandoval/learning/lumen/restaurant/artisan(35): Laravel\\Lumen\\Console\\Kernel->handle()
#29 {main}
"} 
[2022-06-09 14:46:00] local.ERROR: Method Illuminate\Database\Schema\Blueprint::foreing does not exist. {"exception":"[object] (BadMethodCallException(code: 0): Method Illuminate\\Database\\Schema\\Blueprint::foreing does not exist. at /home/georgesandoval/learning/lumen/restaurant/vendor/illuminate/macroable/Traits/Macroable.php:113)
[stacktrace]
#0 /home/georgesandoval/learning/lumen/restaurant/database/migrations/2022_06_09_144334_persons.php(18): Illuminate\\Database\\Schema\\Blueprint->__call()
#1 /home/georgesandoval/learning/lumen/restaurant/vendor/illuminate/database/Schema/Builder.php(226): Persons->{closure}()
#2 /home/georgesandoval/learning/lumen/restaurant/vendor/illuminate/support/helpers.php(263): Illuminate\\Database\\Schema\\Builder->Illuminate\\Database\\Schema\\{closure}()
#3 /home/georgesandoval/learning/lumen/restaurant/vendor/illuminate/database/Schema/Builder.php(227): tap()
#4 /home/georgesandoval/learning/lumen/restaurant/vendor/illuminate/support/Facades/Facade.php(261): Illuminate\\Database\\Schema\\Builder->create()
#5 /home/georgesandoval/learning/lumen/restaurant/database/migrations/2022_06_09_144334_persons.php(32): Illuminate\\Support\\Facades\\Facade::__callStatic()
#6 /home/georgesandoval/learning/lumen/restaurant/vendor/illuminate/database/Migrations/Migrator.php(472): Persons->up()
#7 /home/georgesandoval/learning/lumen/restaurant/vendor/illuminate/database/Migrations/Migrator.php(394): Illuminate\\Database\\Migrations\\Migrator->runMethod()
#8 /home/georgesandoval/learning/lumen/restaurant/vendor/illuminate/database/Migrations/Migrator.php(403): Illuminate\\Database\\Migrations\\Migrator->Illuminate\\Database\\Migrations\\{closure}()
#9 /home/georgesandoval/learning/lumen/restaurant/vendor/illuminate/database/Migrations/Migrator.php(202): Illuminate\\Database\\Migrations\\Migrator->runMigration()
#10 /home/georgesandoval/learning/lumen/restaurant/vendor/illuminate/database/Migrations/Migrator.php(167): Illuminate\\Database\\Migrations\\Migrator->runUp()
#11 /home/georgesandoval/learning/lumen/restaurant/vendor/illuminate/database/Migrations/Migrator.php(112): Illuminate\\Database\\Migrations\\Migrator->runPending()
#12 /home/georgesandoval/learning/lumen/restaurant/vendor/illuminate/database/Console/Migrations/MigrateCommand.php(86): Illuminate\\Database\\Migrations\\Migrator->run()
#13 /home/georgesandoval/learning/lumen/restaurant/vendor/illuminate/database/Migrations/Migrator.php(606): Illuminate\\Database\\Console\\Migrations\\MigrateCommand->Illuminate\\Database\\Console\\Migrations\\{closure}()
#14 /home/georgesandoval/learning/lumen/restaurant/vendor/illuminate/database/Console/Migrations/MigrateCommand.php(98): Illuminate\\Database\\Migrations\\Migrator->usingConnection()
#15 /home/georgesandoval/learning/lumen/restaurant/vendor/illuminate/container/BoundMethod.php(36): Illuminate\\Database\\Console\\Migrations\\MigrateCommand->handle()
#16 /home/georgesandoval/learning/lumen/restaurant/vendor/illuminate/container/Util.php(40): Illuminate\\Container\\BoundMethod::Illuminate\\Container\\{closure}()
#17 /home/georgesandoval/learning/lumen/restaurant/vendor/illuminate/container/BoundMethod.php(93): Illuminate\\Container\\Util::unwrapIfClosure()
#18 /home/georgesandoval/learning/lumen/restaurant/vendor/illuminate/container/BoundMethod.php(37): Illuminate\\Container\\BoundMethod::callBoundMethod()
#19 /home/georgesandoval/learning/lumen/restaurant/vendor/illuminate/container/Container.php(653): Illuminate\\Container\\BoundMethod::call()
#20 /home/georgesandoval/learning/lumen/restaurant/vendor/illuminate/console/Command.php(136): Illuminate\\Container\\Container->call()
#21 /home/georgesandoval/learning/lumen/restaurant/vendor/symfony/console/Command/Command.php(298): Illuminate\\Console\\Command->execute()
#22 /home/georgesandoval/learning/lumen/restaurant/vendor/illuminate/console/Command.php(121): Symfony\\Component\\Console\\Command\\Command->run()
#23 /home/georgesandoval/learning/lumen/restaurant/vendor/symfony/console/Application.php(1024): Illuminate\\Console\\Command->run()
#24 /home/georgesandoval/learning/lumen/restaurant/vendor/symfony/console/Application.php(299): Symfony\\Component\\Console\\Application->doRunCommand()
#25 /home/georgesandoval/learning/lumen/restaurant/vendor/symfony/console/Application.php(171): Symfony\\Component\\Console\\Application->doRun()
#26 /home/georgesandoval/learning/lumen/restaurant/vendor/illuminate/console/Application.php(94): Symfony\\Component\\Console\\Application->run()
#27 /home/georgesandoval/learning/lumen/restaurant/vendor/laravel/lumen-framework/src/Console/Kernel.php(116): Illuminate\\Console\\Application->run()
#28 /home/georgesandoval/learning/lumen/restaurant/artisan(35): Laravel\\Lumen\\Console\\Kernel->handle()
#29 {main}
"} 
[2022-06-09 14:47:44] local.ERROR: Method Illuminate\Database\Schema\Blueprint::foreing does not exist. {"exception":"[object] (BadMethodCallException(code: 0): Method Illuminate\\Database\\Schema\\Blueprint::foreing does not exist. at /home/georgesandoval/learning/lumen/restaurant/vendor/illuminate/macroable/Traits/Macroable.php:113)
[stacktrace]
#0 /home/georgesandoval/learning/lumen/restaurant/database/migrations/2022_06_09_144334_persons.php(18): Illuminate\\Database\\Schema\\Blueprint->__call()
#1 /home/georgesandoval/learning/lumen/restaurant/vendor/illuminate/database/Schema/Builder.php(226): Persons->{closure}()
#2 /home/georgesandoval/learning/lumen/restaurant/vendor/illuminate/support/helpers.php(263): Illuminate\\Database\\Schema\\Builder->Illuminate\\Database\\Schema\\{closure}()
#3 /home/georgesandoval/learning/lumen/restaurant/vendor/illuminate/database/Schema/Builder.php(227): tap()
#4 /home/georgesandoval/learning/lumen/restaurant/vendor/illuminate/support/Facades/Facade.php(261): Illuminate\\Database\\Schema\\Builder->create()
#5 /home/georgesandoval/learning/lumen/restaurant/database/migrations/2022_06_09_144334_persons.php(32): Illuminate\\Support\\Facades\\Facade::__callStatic()
#6 /home/georgesandoval/learning/lumen/restaurant/vendor/illuminate/database/Migrations/Migrator.php(472): Persons->up()
#7 /home/georgesandoval/learning/lumen/restaurant/vendor/illuminate/database/Migrations/Migrator.php(394): Illuminate\\Database\\Migrations\\Migrator->runMethod()
#8 /home/georgesandoval/learning/lumen/restaurant/vendor/illuminate/database/Migrations/Migrator.php(403): Illuminate\\Database\\Migrations\\Migrator->Illuminate\\Database\\Migrations\\{closure}()
#9 /home/georgesandoval/learning/lumen/restaurant/vendor/illuminate/database/Migrations/Migrator.php(202): Illuminate\\Database\\Migrations\\Migrator->runMigration()
#10 /home/georgesandoval/learning/lumen/restaurant/vendor/illuminate/database/Migrations/Migrator.php(167): Illuminate\\Database\\Migrations\\Migrator->runUp()
#11 /home/georgesandoval/learning/lumen/restaurant/vendor/illuminate/database/Migrations/Migrator.php(112): Illuminate\\Database\\Migrations\\Migrator->runPending()
#12 /home/georgesandoval/learning/lumen/restaurant/vendor/illuminate/database/Console/Migrations/MigrateCommand.php(86): Illuminate\\Database\\Migrations\\Migrator->run()
#13 /home/georgesandoval/learning/lumen/restaurant/vendor/illuminate/database/Migrations/Migrator.php(606): Illuminate\\Database\\Console\\Migrations\\MigrateCommand->Illuminate\\Database\\Console\\Migrations\\{closure}()
#14 /home/georgesandoval/learning/lumen/restaurant/vendor/illuminate/database/Console/Migrations/MigrateCommand.php(98): Illuminate\\Database\\Migrations\\Migrator->usingConnection()
#15 /home/georgesandoval/learning/lumen/restaurant/vendor/illuminate/container/BoundMethod.php(36): Illuminate\\Database\\Console\\Migrations\\MigrateCommand->handle()
#16 /home/georgesandoval/learning/lumen/restaurant/vendor/illuminate/container/Util.php(40): Illuminate\\Container\\BoundMethod::Illuminate\\Container\\{closure}()
#17 /home/georgesandoval/learning/lumen/restaurant/vendor/illuminate/container/BoundMethod.php(93): Illuminate\\Container\\Util::unwrapIfClosure()
#18 /home/georgesandoval/learning/lumen/restaurant/vendor/illuminate/container/BoundMethod.php(37): Illuminate\\Container\\BoundMethod::callBoundMethod()
#19 /home/georgesandoval/learning/lumen/restaurant/vendor/illuminate/container/Container.php(653): Illuminate\\Container\\BoundMethod::call()
#20 /home/georgesandoval/learning/lumen/restaurant/vendor/illuminate/console/Command.php(136): Illuminate\\Container\\Container->call()
#21 /home/georgesandoval/learning/lumen/restaurant/vendor/symfony/console/Command/Command.php(298): Illuminate\\Console\\Command->execute()
#22 /home/georgesandoval/learning/lumen/restaurant/vendor/illuminate/console/Command.php(121): Symfony\\Component\\Console\\Command\\Command->run()
#23 /home/georgesandoval/learning/lumen/restaurant/vendor/symfony/console/Application.php(1024): Illuminate\\Console\\Command->run()
#24 /home/georgesandoval/learning/lumen/restaurant/vendor/symfony/console/Application.php(299): Symfony\\Component\\Console\\Application->doRunCommand()
#25 /home/georgesandoval/learning/lumen/restaurant/vendor/symfony/console/Application.php(171): Symfony\\Component\\Console\\Application->doRun()
#26 /home/georgesandoval/learning/lumen/restaurant/vendor/illuminate/console/Application.php(94): Symfony\\Component\\Console\\Application->run()
#27 /home/georgesandoval/learning/lumen/restaurant/vendor/laravel/lumen-framework/src/Console/Kernel.php(116): Illuminate\\Console\\Application->run()
#28 /home/georgesandoval/learning/lumen/restaurant/artisan(35): Laravel\\Lumen\\Console\\Kernel->handle()
#29 {main}
"} 
[2022-06-09 15:04:39] local.ERROR: Method Illuminate\Database\Schema\Blueprint::foreing does not exist. {"exception":"[object] (BadMethodCallException(code: 0): Method Illuminate\\Database\\Schema\\Blueprint::foreing does not exist. at /home/georgesandoval/learning/lumen/restaurant/vendor/illuminate/macroable/Traits/Macroable.php:113)
[stacktrace]
#0 /home/georgesandoval/learning/lumen/restaurant/database/migrations/2022_06_09_144334_persons.php(19): Illuminate\\Database\\Schema\\Blueprint->__call()
#1 /home/georgesandoval/learning/lumen/restaurant/vendor/illuminate/database/Schema/Builder.php(226): Persons->{closure}()
#2 /home/georgesandoval/learning/lumen/restaurant/vendor/illuminate/support/helpers.php(263): Illuminate\\Database\\Schema\\Builder->Illuminate\\Database\\Schema\\{closure}()
#3 /home/georgesandoval/learning/lumen/restaurant/vendor/illuminate/database/Schema/Builder.php(227): tap()
#4 /home/georgesandoval/learning/lumen/restaurant/vendor/illuminate/support/Facades/Facade.php(261): Illuminate\\Database\\Schema\\Builder->create()
#5 /home/georgesandoval/learning/lumen/restaurant/database/migrations/2022_06_09_144334_persons.php(33): Illuminate\\Support\\Facades\\Facade::__callStatic()
#6 /home/georgesandoval/learning/lumen/restaurant/vendor/illuminate/database/Migrations/Migrator.php(472): Persons->up()
#7 /home/georgesandoval/learning/lumen/restaurant/vendor/illuminate/database/Migrations/Migrator.php(394): Illuminate\\Database\\Migrations\\Migrator->runMethod()
#8 /home/georgesandoval/learning/lumen/restaurant/vendor/illuminate/database/Migrations/Migrator.php(403): Illuminate\\Database\\Migrations\\Migrator->Illuminate\\Database\\Migrations\\{closure}()
#9 /home/georgesandoval/learning/lumen/restaurant/vendor/illuminate/database/Migrations/Migrator.php(202): Illuminate\\Database\\Migrations\\Migrator->runMigration()
#10 /home/georgesandoval/learning/lumen/restaurant/vendor/illuminate/database/Migrations/Migrator.php(167): Illuminate\\Database\\Migrations\\Migrator->runUp()
#11 /home/georgesandoval/learning/lumen/restaurant/vendor/illuminate/database/Migrations/Migrator.php(112): Illuminate\\Database\\Migrations\\Migrator->runPending()
#12 /home/georgesandoval/learning/lumen/restaurant/vendor/illuminate/database/Console/Migrations/MigrateCommand.php(86): Illuminate\\Database\\Migrations\\Migrator->run()
#13 /home/georgesandoval/learning/lumen/restaurant/vendor/illuminate/database/Migrations/Migrator.php(606): Illuminate\\Database\\Console\\Migrations\\MigrateCommand->Illuminate\\Database\\Console\\Migrations\\{closure}()
#14 /home/georgesandoval/learning/lumen/restaurant/vendor/illuminate/database/Console/Migrations/MigrateCommand.php(98): Illuminate\\Database\\Migrations\\Migrator->usingConnection()
#15 /home/georgesandoval/learning/lumen/restaurant/vendor/illuminate/container/BoundMethod.php(36): Illuminate\\Database\\Console\\Migrations\\MigrateCommand->handle()
#16 /home/georgesandoval/learning/lumen/restaurant/vendor/illuminate/container/Util.php(40): Illuminate\\Container\\BoundMethod::Illuminate\\Container\\{closure}()
#17 /home/georgesandoval/learning/lumen/restaurant/vendor/illuminate/container/BoundMethod.php(93): Illuminate\\Container\\Util::unwrapIfClosure()
#18 /home/georgesandoval/learning/lumen/restaurant/vendor/illuminate/container/BoundMethod.php(37): Illuminate\\Container\\BoundMethod::callBoundMethod()
#19 /home/georgesandoval/learning/lumen/restaurant/vendor/illuminate/container/Container.php(653): Illuminate\\Container\\BoundMethod::call()
#20 /home/georgesandoval/learning/lumen/restaurant/vendor/illuminate/console/Command.php(136): Illuminate\\Container\\Container->call()
#21 /home/georgesandoval/learning/lumen/restaurant/vendor/symfony/console/Command/Command.php(298): Illuminate\\Console\\Command->execute()
#22 /home/georgesandoval/learning/lumen/restaurant/vendor/illuminate/console/Command.php(121): Symfony\\Component\\Console\\Command\\Command->run()
#23 /home/georgesandoval/learning/lumen/restaurant/vendor/symfony/console/Application.php(1024): Illuminate\\Console\\Command->run()
#24 /home/georgesandoval/learning/lumen/restaurant/vendor/symfony/console/Application.php(299): Symfony\\Component\\Console\\Application->doRunCommand()
#25 /home/georgesandoval/learning/lumen/restaurant/vendor/symfony/console/Application.php(171): Symfony\\Component\\Console\\Application->doRun()
#26 /home/georgesandoval/learning/lumen/restaurant/vendor/illuminate/console/Application.php(94): Symfony\\Component\\Console\\Application->run()
#27 /home/georgesandoval/learning/lumen/restaurant/vendor/laravel/lumen-framework/src/Console/Kernel.php(116): Illuminate\\Console\\Application->run()
#28 /home/georgesandoval/learning/lumen/restaurant/artisan(35): Laravel\\Lumen\\Console\\Kernel->handle()
#29 {main}
"} 
[2022-06-09 15:05:21] local.ERROR: Method Illuminate\Database\Schema\Blueprint::foreing does not exist. {"exception":"[object] (BadMethodCallException(code: 0): Method Illuminate\\Database\\Schema\\Blueprint::foreing does not exist. at /home/georgesandoval/learning/lumen/restaurant/vendor/illuminate/macroable/Traits/Macroable.php:113)
[stacktrace]
#0 /home/georgesandoval/learning/lumen/restaurant/database/migrations/2022_06_09_144334_persons.php(19): Illuminate\\Database\\Schema\\Blueprint->__call()
#1 /home/georgesandoval/learning/lumen/restaurant/vendor/illuminate/database/Schema/Builder.php(226): Persons->{closure}()
#2 /home/georgesandoval/learning/lumen/restaurant/vendor/illuminate/support/helpers.php(263): Illuminate\\Database\\Schema\\Builder->Illuminate\\Database\\Schema\\{closure}()
#3 /home/georgesandoval/learning/lumen/restaurant/vendor/illuminate/database/Schema/Builder.php(227): tap()
#4 /home/georgesandoval/learning/lumen/restaurant/vendor/illuminate/support/Facades/Facade.php(261): Illuminate\\Database\\Schema\\Builder->create()
#5 /home/georgesandoval/learning/lumen/restaurant/database/migrations/2022_06_09_144334_persons.php(33): Illuminate\\Support\\Facades\\Facade::__callStatic()
#6 /home/georgesandoval/learning/lumen/restaurant/vendor/illuminate/database/Migrations/Migrator.php(472): Persons->up()
#7 /home/georgesandoval/learning/lumen/restaurant/vendor/illuminate/database/Migrations/Migrator.php(394): Illuminate\\Database\\Migrations\\Migrator->runMethod()
#8 /home/georgesandoval/learning/lumen/restaurant/vendor/illuminate/database/Migrations/Migrator.php(403): Illuminate\\Database\\Migrations\\Migrator->Illuminate\\Database\\Migrations\\{closure}()
#9 /home/georgesandoval/learning/lumen/restaurant/vendor/illuminate/database/Migrations/Migrator.php(202): Illuminate\\Database\\Migrations\\Migrator->runMigration()
#10 /home/georgesandoval/learning/lumen/restaurant/vendor/illuminate/database/Migrations/Migrator.php(167): Illuminate\\Database\\Migrations\\Migrator->runUp()
#11 /home/georgesandoval/learning/lumen/restaurant/vendor/illuminate/database/Migrations/Migrator.php(112): Illuminate\\Database\\Migrations\\Migrator->runPending()
#12 /home/georgesandoval/learning/lumen/restaurant/vendor/illuminate/database/Console/Migrations/MigrateCommand.php(86): Illuminate\\Database\\Migrations\\Migrator->run()
#13 /home/georgesandoval/learning/lumen/restaurant/vendor/illuminate/database/Migrations/Migrator.php(606): Illuminate\\Database\\Console\\Migrations\\MigrateCommand->Illuminate\\Database\\Console\\Migrations\\{closure}()
#14 /home/georgesandoval/learning/lumen/restaurant/vendor/illuminate/database/Console/Migrations/MigrateCommand.php(98): Illuminate\\Database\\Migrations\\Migrator->usingConnection()
#15 /home/georgesandoval/learning/lumen/restaurant/vendor/illuminate/container/BoundMethod.php(36): Illuminate\\Database\\Console\\Migrations\\MigrateCommand->handle()
#16 /home/georgesandoval/learning/lumen/restaurant/vendor/illuminate/container/Util.php(40): Illuminate\\Container\\BoundMethod::Illuminate\\Container\\{closure}()
#17 /home/georgesandoval/learning/lumen/restaurant/vendor/illuminate/container/BoundMethod.php(93): Illuminate\\Container\\Util::unwrapIfClosure()
#18 /home/georgesandoval/learning/lumen/restaurant/vendor/illuminate/container/BoundMethod.php(37): Illuminate\\Container\\BoundMethod::callBoundMethod()
#19 /home/georgesandoval/learning/lumen/restaurant/vendor/illuminate/container/Container.php(653): Illuminate\\Container\\BoundMethod::call()
#20 /home/georgesandoval/learning/lumen/restaurant/vendor/illuminate/console/Command.php(136): Illuminate\\Container\\Container->call()
#21 /home/georgesandoval/learning/lumen/restaurant/vendor/symfony/console/Command/Command.php(298): Illuminate\\Console\\Command->execute()
#22 /home/georgesandoval/learning/lumen/restaurant/vendor/illuminate/console/Command.php(121): Symfony\\Component\\Console\\Command\\Command->run()
#23 /home/georgesandoval/learning/lumen/restaurant/vendor/symfony/console/Application.php(1024): Illuminate\\Console\\Command->run()
#24 /home/georgesandoval/learning/lumen/restaurant/vendor/symfony/console/Application.php(299): Symfony\\Component\\Console\\Application->doRunCommand()
#25 /home/georgesandoval/learning/lumen/restaurant/vendor/symfony/console/Application.php(171): Symfony\\Component\\Console\\Application->doRun()
#26 /home/georgesandoval/learning/lumen/restaurant/vendor/illuminate/console/Application.php(94): Symfony\\Component\\Console\\Application->run()
#27 /home/georgesandoval/learning/lumen/restaurant/vendor/laravel/lumen-framework/src/Console/Kernel.php(116): Illuminate\\Console\\Application->run()
#28 /home/georgesandoval/learning/lumen/restaurant/artisan(35): Laravel\\Lumen\\Console\\Kernel->handle()
#29 {main}
"} 
[2022-06-09 15:27:47] local.ERROR: Method Illuminate\Database\Schema\Blueprint::foreing does not exist. {"exception":"[object] (BadMethodCallException(code: 0): Method Illuminate\\Database\\Schema\\Blueprint::foreing does not exist. at /home/georgesandoval/learning/lumen/restaurant/vendor/illuminate/macroable/Traits/Macroable.php:113)
[stacktrace]
#0 /home/georgesandoval/learning/lumen/restaurant/database/migrations/2022_06_09_144334_persons.php(19): Illuminate\\Database\\Schema\\Blueprint->__call()
#1 /home/georgesandoval/learning/lumen/restaurant/vendor/illuminate/database/Schema/Builder.php(226): Persons->{closure}()
#2 /home/georgesandoval/learning/lumen/restaurant/vendor/illuminate/support/helpers.php(263): Illuminate\\Database\\Schema\\Builder->Illuminate\\Database\\Schema\\{closure}()
#3 /home/georgesandoval/learning/lumen/restaurant/vendor/illuminate/database/Schema/Builder.php(227): tap()
#4 /home/georgesandoval/learning/lumen/restaurant/vendor/illuminate/support/Facades/Facade.php(261): Illuminate\\Database\\Schema\\Builder->create()
#5 /home/georgesandoval/learning/lumen/restaurant/database/migrations/2022_06_09_144334_persons.php(33): Illuminate\\Support\\Facades\\Facade::__callStatic()
#6 /home/georgesandoval/learning/lumen/restaurant/vendor/illuminate/database/Migrations/Migrator.php(472): Persons->up()
#7 /home/georgesandoval/learning/lumen/restaurant/vendor/illuminate/database/Migrations/Migrator.php(394): Illuminate\\Database\\Migrations\\Migrator->runMethod()
#8 /home/georgesandoval/learning/lumen/restaurant/vendor/illuminate/database/Migrations/Migrator.php(403): Illuminate\\Database\\Migrations\\Migrator->Illuminate\\Database\\Migrations\\{closure}()
#9 /home/georgesandoval/learning/lumen/restaurant/vendor/illuminate/database/Migrations/Migrator.php(202): Illuminate\\Database\\Migrations\\Migrator->runMigration()
#10 /home/georgesandoval/learning/lumen/restaurant/vendor/illuminate/database/Migrations/Migrator.php(167): Illuminate\\Database\\Migrations\\Migrator->runUp()
#11 /home/georgesandoval/learning/lumen/restaurant/vendor/illuminate/database/Migrations/Migrator.php(112): Illuminate\\Database\\Migrations\\Migrator->runPending()
#12 /home/georgesandoval/learning/lumen/restaurant/vendor/illuminate/database/Console/Migrations/MigrateCommand.php(86): Illuminate\\Database\\Migrations\\Migrator->run()
#13 /home/georgesandoval/learning/lumen/restaurant/vendor/illuminate/database/Migrations/Migrator.php(606): Illuminate\\Database\\Console\\Migrations\\MigrateCommand->Illuminate\\Database\\Console\\Migrations\\{closure}()
#14 /home/georgesandoval/learning/lumen/restaurant/vendor/illuminate/database/Console/Migrations/MigrateCommand.php(98): Illuminate\\Database\\Migrations\\Migrator->usingConnection()
#15 /home/georgesandoval/learning/lumen/restaurant/vendor/illuminate/container/BoundMethod.php(36): Illuminate\\Database\\Console\\Migrations\\MigrateCommand->handle()
#16 /home/georgesandoval/learning/lumen/restaurant/vendor/illuminate/container/Util.php(40): Illuminate\\Container\\BoundMethod::Illuminate\\Container\\{closure}()
#17 /home/georgesandoval/learning/lumen/restaurant/vendor/illuminate/container/BoundMethod.php(93): Illuminate\\Container\\Util::unwrapIfClosure()
#18 /home/georgesandoval/learning/lumen/restaurant/vendor/illuminate/container/BoundMethod.php(37): Illuminate\\Container\\BoundMethod::callBoundMethod()
#19 /home/georgesandoval/learning/lumen/restaurant/vendor/illuminate/container/Container.php(653): Illuminate\\Container\\BoundMethod::call()
#20 /home/georgesandoval/learning/lumen/restaurant/vendor/illuminate/console/Command.php(136): Illuminate\\Container\\Container->call()
#21 /home/georgesandoval/learning/lumen/restaurant/vendor/symfony/console/Command/Command.php(298): Illuminate\\Console\\Command->execute()
#22 /home/georgesandoval/learning/lumen/restaurant/vendor/illuminate/console/Command.php(121): Symfony\\Component\\Console\\Command\\Command->run()
#23 /home/georgesandoval/learning/lumen/restaurant/vendor/symfony/console/Application.php(1024): Illuminate\\Console\\Command->run()
#24 /home/georgesandoval/learning/lumen/restaurant/vendor/symfony/console/Application.php(299): Symfony\\Component\\Console\\Application->doRunCommand()
#25 /home/georgesandoval/learning/lumen/restaurant/vendor/symfony/console/Application.php(171): Symfony\\Component\\Console\\Application->doRun()
#26 /home/georgesandoval/learning/lumen/restaurant/vendor/illuminate/console/Application.php(94): Symfony\\Component\\Console\\Application->run()
#27 /home/georgesandoval/learning/lumen/restaurant/vendor/laravel/lumen-framework/src/Console/Kernel.php(116): Illuminate\\Console\\Application->run()
#28 /home/georgesandoval/learning/lumen/restaurant/artisan(35): Laravel\\Lumen\\Console\\Kernel->handle()
#29 {main}
"} 
[2022-06-09 16:02:57] local.ERROR: SQLSTATE[42000]: Syntax error or access violation: 1067 Invalid default value for 'contract_at' (SQL: create table `personals` (`id` bigint unsigned not null auto_increment primary key, `persons_id` bigint unsigned not null, `personals_type_id` bigint unsigned not null, `salary_date` timestamp not null, `contract_at` timestamp not null, `renovation_at` timestamp not null, `final_contract_at` timestamp not null, `created_at` timestamp null, `updated_at` timestamp null, `state` int not null default '1') default character set utf8mb4 collate 'utf8mb4_unicode_ci') {"exception":"[object] (Illuminate\\Database\\QueryException(code: 42000): SQLSTATE[42000]: Syntax error or access violation: 1067 Invalid default value for 'contract_at' (SQL: create table `personals` (`id` bigint unsigned not null auto_increment primary key, `persons_id` bigint unsigned not null, `personals_type_id` bigint unsigned not null, `salary_date` timestamp not null, `contract_at` timestamp not null, `renovation_at` timestamp not null, `final_contract_at` timestamp not null, `created_at` timestamp null, `updated_at` timestamp null, `state` int not null default '1') default character set utf8mb4 collate 'utf8mb4_unicode_ci') at /home/georgesandoval/learning/lumen/restaurant/vendor/illuminate/database/Connection.php:712)
[stacktrace]
#0 /home/georgesandoval/learning/lumen/restaurant/vendor/illuminate/database/Connection.php(672): Illuminate\\Database\\Connection->runQueryCallback()
#1 /home/georgesandoval/learning/lumen/restaurant/vendor/illuminate/database/Connection.php(502): Illuminate\\Database\\Connection->run()
#2 /home/georgesandoval/learning/lumen/restaurant/vendor/illuminate/database/Schema/Blueprint.php(109): Illuminate\\Database\\Connection->statement()
#3 /home/georgesandoval/learning/lumen/restaurant/vendor/illuminate/database/Schema/Builder.php(364): Illuminate\\Database\\Schema\\Blueprint->build()
#4 /home/georgesandoval/learning/lumen/restaurant/vendor/illuminate/database/Schema/Builder.php(227): Illuminate\\Database\\Schema\\Builder->build()
#5 /home/georgesandoval/learning/lumen/restaurant/vendor/illuminate/support/Facades/Facade.php(261): Illuminate\\Database\\Schema\\Builder->create()
#6 /home/georgesandoval/learning/lumen/restaurant/database/migrations/2022_06_09_144353_personals.php(28): Illuminate\\Support\\Facades\\Facade::__callStatic()
#7 /home/georgesandoval/learning/lumen/restaurant/vendor/illuminate/database/Migrations/Migrator.php(472): Personals->up()
#8 /home/georgesandoval/learning/lumen/restaurant/vendor/illuminate/database/Migrations/Migrator.php(394): Illuminate\\Database\\Migrations\\Migrator->runMethod()
#9 /home/georgesandoval/learning/lumen/restaurant/vendor/illuminate/database/Migrations/Migrator.php(403): Illuminate\\Database\\Migrations\\Migrator->Illuminate\\Database\\Migrations\\{closure}()
#10 /home/georgesandoval/learning/lumen/restaurant/vendor/illuminate/database/Migrations/Migrator.php(202): Illuminate\\Database\\Migrations\\Migrator->runMigration()
#11 /home/georgesandoval/learning/lumen/restaurant/vendor/illuminate/database/Migrations/Migrator.php(167): Illuminate\\Database\\Migrations\\Migrator->runUp()
#12 /home/georgesandoval/learning/lumen/restaurant/vendor/illuminate/database/Migrations/Migrator.php(112): Illuminate\\Database\\Migrations\\Migrator->runPending()
#13 /home/georgesandoval/learning/lumen/restaurant/vendor/illuminate/database/Console/Migrations/MigrateCommand.php(86): Illuminate\\Database\\Migrations\\Migrator->run()
#14 /home/georgesandoval/learning/lumen/restaurant/vendor/illuminate/database/Migrations/Migrator.php(606): Illuminate\\Database\\Console\\Migrations\\MigrateCommand->Illuminate\\Database\\Console\\Migrations\\{closure}()
#15 /home/georgesandoval/learning/lumen/restaurant/vendor/illuminate/database/Console/Migrations/MigrateCommand.php(98): Illuminate\\Database\\Migrations\\Migrator->usingConnection()
#16 /home/georgesandoval/learning/lumen/restaurant/vendor/illuminate/container/BoundMethod.php(36): Illuminate\\Database\\Console\\Migrations\\MigrateCommand->handle()
#17 /home/georgesandoval/learning/lumen/restaurant/vendor/illuminate/container/Util.php(40): Illuminate\\Container\\BoundMethod::Illuminate\\Container\\{closure}()
#18 /home/georgesandoval/learning/lumen/restaurant/vendor/illuminate/container/BoundMethod.php(93): Illuminate\\Container\\Util::unwrapIfClosure()
#19 /home/georgesandoval/learning/lumen/restaurant/vendor/illuminate/container/BoundMethod.php(37): Illuminate\\Container\\BoundMethod::callBoundMethod()
#20 /home/georgesandoval/learning/lumen/restaurant/vendor/illuminate/container/Container.php(653): Illuminate\\Container\\BoundMethod::call()
#21 /home/georgesandoval/learning/lumen/restaurant/vendor/illuminate/console/Command.php(136): Illuminate\\Container\\Container->call()
#22 /home/georgesandoval/learning/lumen/restaurant/vendor/symfony/console/Command/Command.php(298): Illuminate\\Console\\Command->execute()
#23 /home/georgesandoval/learning/lumen/restaurant/vendor/illuminate/console/Command.php(121): Symfony\\Component\\Console\\Command\\Command->run()
#24 /home/georgesandoval/learning/lumen/restaurant/vendor/symfony/console/Application.php(1024): Illuminate\\Console\\Command->run()
#25 /home/georgesandoval/learning/lumen/restaurant/vendor/symfony/console/Application.php(299): Symfony\\Component\\Console\\Application->doRunCommand()
#26 /home/georgesandoval/learning/lumen/restaurant/vendor/symfony/console/Application.php(171): Symfony\\Component\\Console\\Application->doRun()
#27 /home/georgesandoval/learning/lumen/restaurant/vendor/illuminate/console/Application.php(94): Symfony\\Component\\Console\\Application->run()
#28 /home/georgesandoval/learning/lumen/restaurant/vendor/laravel/lumen-framework/src/Console/Kernel.php(116): Illuminate\\Console\\Application->run()
#29 /home/georgesandoval/learning/lumen/restaurant/artisan(35): Laravel\\Lumen\\Console\\Kernel->handle()
#30 {main}

[previous exception] [object] (PDOException(code: 42000): SQLSTATE[42000]: Syntax error or access violation: 1067 Invalid default value for 'contract_at' at /home/georgesandoval/learning/lumen/restaurant/vendor/illuminate/database/Connection.php:501)
[stacktrace]
#0 /home/georgesandoval/learning/lumen/restaurant/vendor/illuminate/database/Connection.php(501): PDOStatement->execute()
#1 /home/georgesandoval/learning/lumen/restaurant/vendor/illuminate/database/Connection.php(705): Illuminate\\Database\\Connection->Illuminate\\Database\\{closure}()
#2 /home/georgesandoval/learning/lumen/restaurant/vendor/illuminate/database/Connection.php(672): Illuminate\\Database\\Connection->runQueryCallback()
#3 /home/georgesandoval/learning/lumen/restaurant/vendor/illuminate/database/Connection.php(502): Illuminate\\Database\\Connection->run()
#4 /home/georgesandoval/learning/lumen/restaurant/vendor/illuminate/database/Schema/Blueprint.php(109): Illuminate\\Database\\Connection->statement()
#5 /home/georgesandoval/learning/lumen/restaurant/vendor/illuminate/database/Schema/Builder.php(364): Illuminate\\Database\\Schema\\Blueprint->build()
#6 /home/georgesandoval/learning/lumen/restaurant/vendor/illuminate/database/Schema/Builder.php(227): Illuminate\\Database\\Schema\\Builder->build()
#7 /home/georgesandoval/learning/lumen/restaurant/vendor/illuminate/support/Facades/Facade.php(261): Illuminate\\Database\\Schema\\Builder->create()
#8 /home/georgesandoval/learning/lumen/restaurant/database/migrations/2022_06_09_144353_personals.php(28): Illuminate\\Support\\Facades\\Facade::__callStatic()
#9 /home/georgesandoval/learning/lumen/restaurant/vendor/illuminate/database/Migrations/Migrator.php(472): Personals->up()
#10 /home/georgesandoval/learning/lumen/restaurant/vendor/illuminate/database/Migrations/Migrator.php(394): Illuminate\\Database\\Migrations\\Migrator->runMethod()
#11 /home/georgesandoval/learning/lumen/restaurant/vendor/illuminate/database/Migrations/Migrator.php(403): Illuminate\\Database\\Migrations\\Migrator->Illuminate\\Database\\Migrations\\{closure}()
#12 /home/georgesandoval/learning/lumen/restaurant/vendor/illuminate/database/Migrations/Migrator.php(202): Illuminate\\Database\\Migrations\\Migrator->runMigration()
#13 /home/georgesandoval/learning/lumen/restaurant/vendor/illuminate/database/Migrations/Migrator.php(167): Illuminate\\Database\\Migrations\\Migrator->runUp()
#14 /home/georgesandoval/learning/lumen/restaurant/vendor/illuminate/database/Migrations/Migrator.php(112): Illuminate\\Database\\Migrations\\Migrator->runPending()
#15 /home/georgesandoval/learning/lumen/restaurant/vendor/illuminate/database/Console/Migrations/MigrateCommand.php(86): Illuminate\\Database\\Migrations\\Migrator->run()
#16 /home/georgesandoval/learning/lumen/restaurant/vendor/illuminate/database/Migrations/Migrator.php(606): Illuminate\\Database\\Console\\Migrations\\MigrateCommand->Illuminate\\Database\\Console\\Migrations\\{closure}()
#17 /home/georgesandoval/learning/lumen/restaurant/vendor/illuminate/database/Console/Migrations/MigrateCommand.php(98): Illuminate\\Database\\Migrations\\Migrator->usingConnection()
#18 /home/georgesandoval/learning/lumen/restaurant/vendor/illuminate/container/BoundMethod.php(36): Illuminate\\Database\\Console\\Migrations\\MigrateCommand->handle()
#19 /home/georgesandoval/learning/lumen/restaurant/vendor/illuminate/container/Util.php(40): Illuminate\\Container\\BoundMethod::Illuminate\\Container\\{closure}()
#20 /home/georgesandoval/learning/lumen/restaurant/vendor/illuminate/container/BoundMethod.php(93): Illuminate\\Container\\Util::unwrapIfClosure()
#21 /home/georgesandoval/learning/lumen/restaurant/vendor/illuminate/container/BoundMethod.php(37): Illuminate\\Container\\BoundMethod::callBoundMethod()
#22 /home/georgesandoval/learning/lumen/restaurant/vendor/illuminate/container/Container.php(653): Illuminate\\Container\\BoundMethod::call()
#23 /home/georgesandoval/learning/lumen/restaurant/vendor/illuminate/console/Command.php(136): Illuminate\\Container\\Container->call()
#24 /home/georgesandoval/learning/lumen/restaurant/vendor/symfony/console/Command/Command.php(298): Illuminate\\Console\\Command->execute()
#25 /home/georgesandoval/learning/lumen/restaurant/vendor/illuminate/console/Command.php(121): Symfony\\Component\\Console\\Command\\Command->run()
#26 /home/georgesandoval/learning/lumen/restaurant/vendor/symfony/console/Application.php(1024): Illuminate\\Console\\Command->run()
#27 /home/georgesandoval/learning/lumen/restaurant/vendor/symfony/console/Application.php(299): Symfony\\Component\\Console\\Application->doRunCommand()
#28 /home/georgesandoval/learning/lumen/restaurant/vendor/symfony/console/Application.php(171): Symfony\\Component\\Console\\Application->doRun()
#29 /home/georgesandoval/learning/lumen/restaurant/vendor/illuminate/console/Application.php(94): Symfony\\Component\\Console\\Application->run()
#30 /home/georgesandoval/learning/lumen/restaurant/vendor/laravel/lumen-framework/src/Console/Kernel.php(116): Illuminate\\Console\\Application->run()
#31 /home/georgesandoval/learning/lumen/restaurant/artisan(35): Laravel\\Lumen\\Console\\Kernel->handle()
#32 {main}
"} 
[2022-06-09 16:19:29] local.ERROR: SQLSTATE[42000]: Syntax error or access violation: 1067 Invalid default value for 'contract_at' (SQL: create table `personals` (`id` bigint unsigned not null auto_increment primary key, `persons_id` bigint unsigned not null, `personals_type_id` bigint unsigned not null, `salary_date` timestamp not null, `contract_at` timestamp not null, `renovation_at` timestamp not null, `final_contract_at` timestamp not null, `created_at` timestamp null, `updated_at` timestamp null, `state` int not null default '1') default character set utf8mb4 collate 'utf8mb4_unicode_ci') {"exception":"[object] (Illuminate\\Database\\QueryException(code: 42000): SQLSTATE[42000]: Syntax error or access violation: 1067 Invalid default value for 'contract_at' (SQL: create table `personals` (`id` bigint unsigned not null auto_increment primary key, `persons_id` bigint unsigned not null, `personals_type_id` bigint unsigned not null, `salary_date` timestamp not null, `contract_at` timestamp not null, `renovation_at` timestamp not null, `final_contract_at` timestamp not null, `created_at` timestamp null, `updated_at` timestamp null, `state` int not null default '1') default character set utf8mb4 collate 'utf8mb4_unicode_ci') at /home/georgesandoval/learning/lumen/restaurant/vendor/illuminate/database/Connection.php:712)
[stacktrace]
#0 /home/georgesandoval/learning/lumen/restaurant/vendor/illuminate/database/Connection.php(672): Illuminate\\Database\\Connection->runQueryCallback()
#1 /home/georgesandoval/learning/lumen/restaurant/vendor/illuminate/database/Connection.php(502): Illuminate\\Database\\Connection->run()
#2 /home/georgesandoval/learning/lumen/restaurant/vendor/illuminate/database/Schema/Blueprint.php(109): Illuminate\\Database\\Connection->statement()
#3 /home/georgesandoval/learning/lumen/restaurant/vendor/illuminate/database/Schema/Builder.php(364): Illuminate\\Database\\Schema\\Blueprint->build()
#4 /home/georgesandoval/learning/lumen/restaurant/vendor/illuminate/database/Schema/Builder.php(227): Illuminate\\Database\\Schema\\Builder->build()
#5 /home/georgesandoval/learning/lumen/restaurant/vendor/illuminate/support/Facades/Facade.php(261): Illuminate\\Database\\Schema\\Builder->create()
#6 /home/georgesandoval/learning/lumen/restaurant/database/migrations/2022_06_09_144353_personals.php(28): Illuminate\\Support\\Facades\\Facade::__callStatic()
#7 /home/georgesandoval/learning/lumen/restaurant/vendor/illuminate/database/Migrations/Migrator.php(472): Personals->up()
#8 /home/georgesandoval/learning/lumen/restaurant/vendor/illuminate/database/Migrations/Migrator.php(394): Illuminate\\Database\\Migrations\\Migrator->runMethod()
#9 /home/georgesandoval/learning/lumen/restaurant/vendor/illuminate/database/Migrations/Migrator.php(403): Illuminate\\Database\\Migrations\\Migrator->Illuminate\\Database\\Migrations\\{closure}()
#10 /home/georgesandoval/learning/lumen/restaurant/vendor/illuminate/database/Migrations/Migrator.php(202): Illuminate\\Database\\Migrations\\Migrator->runMigration()
#11 /home/georgesandoval/learning/lumen/restaurant/vendor/illuminate/database/Migrations/Migrator.php(167): Illuminate\\Database\\Migrations\\Migrator->runUp()
#12 /home/georgesandoval/learning/lumen/restaurant/vendor/illuminate/database/Migrations/Migrator.php(112): Illuminate\\Database\\Migrations\\Migrator->runPending()
#13 /home/georgesandoval/learning/lumen/restaurant/vendor/illuminate/database/Console/Migrations/MigrateCommand.php(86): Illuminate\\Database\\Migrations\\Migrator->run()
#14 /home/georgesandoval/learning/lumen/restaurant/vendor/illuminate/database/Migrations/Migrator.php(606): Illuminate\\Database\\Console\\Migrations\\MigrateCommand->Illuminate\\Database\\Console\\Migrations\\{closure}()
#15 /home/georgesandoval/learning/lumen/restaurant/vendor/illuminate/database/Console/Migrations/MigrateCommand.php(98): Illuminate\\Database\\Migrations\\Migrator->usingConnection()
#16 /home/georgesandoval/learning/lumen/restaurant/vendor/illuminate/container/BoundMethod.php(36): Illuminate\\Database\\Console\\Migrations\\MigrateCommand->handle()
#17 /home/georgesandoval/learning/lumen/restaurant/vendor/illuminate/container/Util.php(40): Illuminate\\Container\\BoundMethod::Illuminate\\Container\\{closure}()
#18 /home/georgesandoval/learning/lumen/restaurant/vendor/illuminate/container/BoundMethod.php(93): Illuminate\\Container\\Util::unwrapIfClosure()
#19 /home/georgesandoval/learning/lumen/restaurant/vendor/illuminate/container/BoundMethod.php(37): Illuminate\\Container\\BoundMethod::callBoundMethod()
#20 /home/georgesandoval/learning/lumen/restaurant/vendor/illuminate/container/Container.php(653): Illuminate\\Container\\BoundMethod::call()
#21 /home/georgesandoval/learning/lumen/restaurant/vendor/illuminate/console/Command.php(136): Illuminate\\Container\\Container->call()
#22 /home/georgesandoval/learning/lumen/restaurant/vendor/symfony/console/Command/Command.php(298): Illuminate\\Console\\Command->execute()
#23 /home/georgesandoval/learning/lumen/restaurant/vendor/illuminate/console/Command.php(121): Symfony\\Component\\Console\\Command\\Command->run()
#24 /home/georgesandoval/learning/lumen/restaurant/vendor/symfony/console/Application.php(1024): Illuminate\\Console\\Command->run()
#25 /home/georgesandoval/learning/lumen/restaurant/vendor/symfony/console/Application.php(299): Symfony\\Component\\Console\\Application->doRunCommand()
#26 /home/georgesandoval/learning/lumen/restaurant/vendor/symfony/console/Application.php(171): Symfony\\Component\\Console\\Application->doRun()
#27 /home/georgesandoval/learning/lumen/restaurant/vendor/illuminate/console/Application.php(94): Symfony\\Component\\Console\\Application->run()
#28 /home/georgesandoval/learning/lumen/restaurant/vendor/laravel/lumen-framework/src/Console/Kernel.php(116): Illuminate\\Console\\Application->run()
#29 /home/georgesandoval/learning/lumen/restaurant/artisan(35): Laravel\\Lumen\\Console\\Kernel->handle()
#30 {main}

[previous exception] [object] (PDOException(code: 42000): SQLSTATE[42000]: Syntax error or access violation: 1067 Invalid default value for 'contract_at' at /home/georgesandoval/learning/lumen/restaurant/vendor/illuminate/database/Connection.php:501)
[stacktrace]
#0 /home/georgesandoval/learning/lumen/restaurant/vendor/illuminate/database/Connection.php(501): PDOStatement->execute()
#1 /home/georgesandoval/learning/lumen/restaurant/vendor/illuminate/database/Connection.php(705): Illuminate\\Database\\Connection->Illuminate\\Database\\{closure}()
#2 /home/georgesandoval/learning/lumen/restaurant/vendor/illuminate/database/Connection.php(672): Illuminate\\Database\\Connection->runQueryCallback()
#3 /home/georgesandoval/learning/lumen/restaurant/vendor/illuminate/database/Connection.php(502): Illuminate\\Database\\Connection->run()
#4 /home/georgesandoval/learning/lumen/restaurant/vendor/illuminate/database/Schema/Blueprint.php(109): Illuminate\\Database\\Connection->statement()
#5 /home/georgesandoval/learning/lumen/restaurant/vendor/illuminate/database/Schema/Builder.php(364): Illuminate\\Database\\Schema\\Blueprint->build()
#6 /home/georgesandoval/learning/lumen/restaurant/vendor/illuminate/database/Schema/Builder.php(227): Illuminate\\Database\\Schema\\Builder->build()
#7 /home/georgesandoval/learning/lumen/restaurant/vendor/illuminate/support/Facades/Facade.php(261): Illuminate\\Database\\Schema\\Builder->create()
#8 /home/georgesandoval/learning/lumen/restaurant/database/migrations/2022_06_09_144353_personals.php(28): Illuminate\\Support\\Facades\\Facade::__callStatic()
#9 /home/georgesandoval/learning/lumen/restaurant/vendor/illuminate/database/Migrations/Migrator.php(472): Personals->up()
#10 /home/georgesandoval/learning/lumen/restaurant/vendor/illuminate/database/Migrations/Migrator.php(394): Illuminate\\Database\\Migrations\\Migrator->runMethod()
#11 /home/georgesandoval/learning/lumen/restaurant/vendor/illuminate/database/Migrations/Migrator.php(403): Illuminate\\Database\\Migrations\\Migrator->Illuminate\\Database\\Migrations\\{closure}()
#12 /home/georgesandoval/learning/lumen/restaurant/vendor/illuminate/database/Migrations/Migrator.php(202): Illuminate\\Database\\Migrations\\Migrator->runMigration()
#13 /home/georgesandoval/learning/lumen/restaurant/vendor/illuminate/database/Migrations/Migrator.php(167): Illuminate\\Database\\Migrations\\Migrator->runUp()
#14 /home/georgesandoval/learning/lumen/restaurant/vendor/illuminate/database/Migrations/Migrator.php(112): Illuminate\\Database\\Migrations\\Migrator->runPending()
#15 /home/georgesandoval/learning/lumen/restaurant/vendor/illuminate/database/Console/Migrations/MigrateCommand.php(86): Illuminate\\Database\\Migrations\\Migrator->run()
#16 /home/georgesandoval/learning/lumen/restaurant/vendor/illuminate/database/Migrations/Migrator.php(606): Illuminate\\Database\\Console\\Migrations\\MigrateCommand->Illuminate\\Database\\Console\\Migrations\\{closure}()
#17 /home/georgesandoval/learning/lumen/restaurant/vendor/illuminate/database/Console/Migrations/MigrateCommand.php(98): Illuminate\\Database\\Migrations\\Migrator->usingConnection()
#18 /home/georgesandoval/learning/lumen/restaurant/vendor/illuminate/container/BoundMethod.php(36): Illuminate\\Database\\Console\\Migrations\\MigrateCommand->handle()
#19 /home/georgesandoval/learning/lumen/restaurant/vendor/illuminate/container/Util.php(40): Illuminate\\Container\\BoundMethod::Illuminate\\Container\\{closure}()
#20 /home/georgesandoval/learning/lumen/restaurant/vendor/illuminate/container/BoundMethod.php(93): Illuminate\\Container\\Util::unwrapIfClosure()
#21 /home/georgesandoval/learning/lumen/restaurant/vendor/illuminate/container/BoundMethod.php(37): Illuminate\\Container\\BoundMethod::callBoundMethod()
#22 /home/georgesandoval/learning/lumen/restaurant/vendor/illuminate/container/Container.php(653): Illuminate\\Container\\BoundMethod::call()
#23 /home/georgesandoval/learning/lumen/restaurant/vendor/illuminate/console/Command.php(136): Illuminate\\Container\\Container->call()
#24 /home/georgesandoval/learning/lumen/restaurant/vendor/symfony/console/Command/Command.php(298): Illuminate\\Console\\Command->execute()
#25 /home/georgesandoval/learning/lumen/restaurant/vendor/illuminate/console/Command.php(121): Symfony\\Component\\Console\\Command\\Command->run()
#26 /home/georgesandoval/learning/lumen/restaurant/vendor/symfony/console/Application.php(1024): Illuminate\\Console\\Command->run()
#27 /home/georgesandoval/learning/lumen/restaurant/vendor/symfony/console/Application.php(299): Symfony\\Component\\Console\\Application->doRunCommand()
#28 /home/georgesandoval/learning/lumen/restaurant/vendor/symfony/console/Application.php(171): Symfony\\Component\\Console\\Application->doRun()
#29 /home/georgesandoval/learning/lumen/restaurant/vendor/illuminate/console/Application.php(94): Symfony\\Component\\Console\\Application->run()
#30 /home/georgesandoval/learning/lumen/restaurant/vendor/laravel/lumen-framework/src/Console/Kernel.php(116): Illuminate\\Console\\Application->run()
#31 /home/georgesandoval/learning/lumen/restaurant/artisan(35): Laravel\\Lumen\\Console\\Kernel->handle()
#32 {main}
"} 
[2022-06-09 16:20:08] local.ERROR: SQLSTATE[42000]: Syntax error or access violation: 1067 Invalid default value for 'contract_date' (SQL: create table `personals` (`id` bigint unsigned not null auto_increment primary key, `persons_id` bigint unsigned not null, `personals_type_id` bigint unsigned not null, `salary_date` timestamp not null, `contract_date` timestamp not null, `renovation_at` timestamp not null, `final_contract_at` timestamp not null, `created_at` timestamp null, `updated_at` timestamp null, `state` int not null default '1') default character set utf8mb4 collate 'utf8mb4_unicode_ci') {"exception":"[object] (Illuminate\\Database\\QueryException(code: 42000): SQLSTATE[42000]: Syntax error or access violation: 1067 Invalid default value for 'contract_date' (SQL: create table `personals` (`id` bigint unsigned not null auto_increment primary key, `persons_id` bigint unsigned not null, `personals_type_id` bigint unsigned not null, `salary_date` timestamp not null, `contract_date` timestamp not null, `renovation_at` timestamp not null, `final_contract_at` timestamp not null, `created_at` timestamp null, `updated_at` timestamp null, `state` int not null default '1') default character set utf8mb4 collate 'utf8mb4_unicode_ci') at /home/georgesandoval/learning/lumen/restaurant/vendor/illuminate/database/Connection.php:712)
[stacktrace]
#0 /home/georgesandoval/learning/lumen/restaurant/vendor/illuminate/database/Connection.php(672): Illuminate\\Database\\Connection->runQueryCallback()
#1 /home/georgesandoval/learning/lumen/restaurant/vendor/illuminate/database/Connection.php(502): Illuminate\\Database\\Connection->run()
#2 /home/georgesandoval/learning/lumen/restaurant/vendor/illuminate/database/Schema/Blueprint.php(109): Illuminate\\Database\\Connection->statement()
#3 /home/georgesandoval/learning/lumen/restaurant/vendor/illuminate/database/Schema/Builder.php(364): Illuminate\\Database\\Schema\\Blueprint->build()
#4 /home/georgesandoval/learning/lumen/restaurant/vendor/illuminate/database/Schema/Builder.php(227): Illuminate\\Database\\Schema\\Builder->build()
#5 /home/georgesandoval/learning/lumen/restaurant/vendor/illuminate/support/Facades/Facade.php(261): Illuminate\\Database\\Schema\\Builder->create()
#6 /home/georgesandoval/learning/lumen/restaurant/database/migrations/2022_06_09_144353_personals.php(28): Illuminate\\Support\\Facades\\Facade::__callStatic()
#7 /home/georgesandoval/learning/lumen/restaurant/vendor/illuminate/database/Migrations/Migrator.php(472): Personals->up()
#8 /home/georgesandoval/learning/lumen/restaurant/vendor/illuminate/database/Migrations/Migrator.php(394): Illuminate\\Database\\Migrations\\Migrator->runMethod()
#9 /home/georgesandoval/learning/lumen/restaurant/vendor/illuminate/database/Migrations/Migrator.php(403): Illuminate\\Database\\Migrations\\Migrator->Illuminate\\Database\\Migrations\\{closure}()
#10 /home/georgesandoval/learning/lumen/restaurant/vendor/illuminate/database/Migrations/Migrator.php(202): Illuminate\\Database\\Migrations\\Migrator->runMigration()
#11 /home/georgesandoval/learning/lumen/restaurant/vendor/illuminate/database/Migrations/Migrator.php(167): Illuminate\\Database\\Migrations\\Migrator->runUp()
#12 /home/georgesandoval/learning/lumen/restaurant/vendor/illuminate/database/Migrations/Migrator.php(112): Illuminate\\Database\\Migrations\\Migrator->runPending()
#13 /home/georgesandoval/learning/lumen/restaurant/vendor/illuminate/database/Console/Migrations/MigrateCommand.php(86): Illuminate\\Database\\Migrations\\Migrator->run()
#14 /home/georgesandoval/learning/lumen/restaurant/vendor/illuminate/database/Migrations/Migrator.php(606): Illuminate\\Database\\Console\\Migrations\\MigrateCommand->Illuminate\\Database\\Console\\Migrations\\{closure}()
#15 /home/georgesandoval/learning/lumen/restaurant/vendor/illuminate/database/Console/Migrations/MigrateCommand.php(98): Illuminate\\Database\\Migrations\\Migrator->usingConnection()
#16 /home/georgesandoval/learning/lumen/restaurant/vendor/illuminate/container/BoundMethod.php(36): Illuminate\\Database\\Console\\Migrations\\MigrateCommand->handle()
#17 /home/georgesandoval/learning/lumen/restaurant/vendor/illuminate/container/Util.php(40): Illuminate\\Container\\BoundMethod::Illuminate\\Container\\{closure}()
#18 /home/georgesandoval/learning/lumen/restaurant/vendor/illuminate/container/BoundMethod.php(93): Illuminate\\Container\\Util::unwrapIfClosure()
#19 /home/georgesandoval/learning/lumen/restaurant/vendor/illuminate/container/BoundMethod.php(37): Illuminate\\Container\\BoundMethod::callBoundMethod()
#20 /home/georgesandoval/learning/lumen/restaurant/vendor/illuminate/container/Container.php(653): Illuminate\\Container\\BoundMethod::call()
#21 /home/georgesandoval/learning/lumen/restaurant/vendor/illuminate/console/Command.php(136): Illuminate\\Container\\Container->call()
#22 /home/georgesandoval/learning/lumen/restaurant/vendor/symfony/console/Command/Command.php(298): Illuminate\\Console\\Command->execute()
#23 /home/georgesandoval/learning/lumen/restaurant/vendor/illuminate/console/Command.php(121): Symfony\\Component\\Console\\Command\\Command->run()
#24 /home/georgesandoval/learning/lumen/restaurant/vendor/symfony/console/Application.php(1024): Illuminate\\Console\\Command->run()
#25 /home/georgesandoval/learning/lumen/restaurant/vendor/symfony/console/Application.php(299): Symfony\\Component\\Console\\Application->doRunCommand()
#26 /home/georgesandoval/learning/lumen/restaurant/vendor/symfony/console/Application.php(171): Symfony\\Component\\Console\\Application->doRun()
#27 /home/georgesandoval/learning/lumen/restaurant/vendor/illuminate/console/Application.php(94): Symfony\\Component\\Console\\Application->run()
#28 /home/georgesandoval/learning/lumen/restaurant/vendor/laravel/lumen-framework/src/Console/Kernel.php(116): Illuminate\\Console\\Application->run()
#29 /home/georgesandoval/learning/lumen/restaurant/artisan(35): Laravel\\Lumen\\Console\\Kernel->handle()
#30 {main}

[previous exception] [object] (PDOException(code: 42000): SQLSTATE[42000]: Syntax error or access violation: 1067 Invalid default value for 'contract_date' at /home/georgesandoval/learning/lumen/restaurant/vendor/illuminate/database/Connection.php:501)
[stacktrace]
#0 /home/georgesandoval/learning/lumen/restaurant/vendor/illuminate/database/Connection.php(501): PDOStatement->execute()
#1 /home/georgesandoval/learning/lumen/restaurant/vendor/illuminate/database/Connection.php(705): Illuminate\\Database\\Connection->Illuminate\\Database\\{closure}()
#2 /home/georgesandoval/learning/lumen/restaurant/vendor/illuminate/database/Connection.php(672): Illuminate\\Database\\Connection->runQueryCallback()
#3 /home/georgesandoval/learning/lumen/restaurant/vendor/illuminate/database/Connection.php(502): Illuminate\\Database\\Connection->run()
#4 /home/georgesandoval/learning/lumen/restaurant/vendor/illuminate/database/Schema/Blueprint.php(109): Illuminate\\Database\\Connection->statement()
#5 /home/georgesandoval/learning/lumen/restaurant/vendor/illuminate/database/Schema/Builder.php(364): Illuminate\\Database\\Schema\\Blueprint->build()
#6 /home/georgesandoval/learning/lumen/restaurant/vendor/illuminate/database/Schema/Builder.php(227): Illuminate\\Database\\Schema\\Builder->build()
#7 /home/georgesandoval/learning/lumen/restaurant/vendor/illuminate/support/Facades/Facade.php(261): Illuminate\\Database\\Schema\\Builder->create()
#8 /home/georgesandoval/learning/lumen/restaurant/database/migrations/2022_06_09_144353_personals.php(28): Illuminate\\Support\\Facades\\Facade::__callStatic()
#9 /home/georgesandoval/learning/lumen/restaurant/vendor/illuminate/database/Migrations/Migrator.php(472): Personals->up()
#10 /home/georgesandoval/learning/lumen/restaurant/vendor/illuminate/database/Migrations/Migrator.php(394): Illuminate\\Database\\Migrations\\Migrator->runMethod()
#11 /home/georgesandoval/learning/lumen/restaurant/vendor/illuminate/database/Migrations/Migrator.php(403): Illuminate\\Database\\Migrations\\Migrator->Illuminate\\Database\\Migrations\\{closure}()
#12 /home/georgesandoval/learning/lumen/restaurant/vendor/illuminate/database/Migrations/Migrator.php(202): Illuminate\\Database\\Migrations\\Migrator->runMigration()
#13 /home/georgesandoval/learning/lumen/restaurant/vendor/illuminate/database/Migrations/Migrator.php(167): Illuminate\\Database\\Migrations\\Migrator->runUp()
#14 /home/georgesandoval/learning/lumen/restaurant/vendor/illuminate/database/Migrations/Migrator.php(112): Illuminate\\Database\\Migrations\\Migrator->runPending()
#15 /home/georgesandoval/learning/lumen/restaurant/vendor/illuminate/database/Console/Migrations/MigrateCommand.php(86): Illuminate\\Database\\Migrations\\Migrator->run()
#16 /home/georgesandoval/learning/lumen/restaurant/vendor/illuminate/database/Migrations/Migrator.php(606): Illuminate\\Database\\Console\\Migrations\\MigrateCommand->Illuminate\\Database\\Console\\Migrations\\{closure}()
#17 /home/georgesandoval/learning/lumen/restaurant/vendor/illuminate/database/Console/Migrations/MigrateCommand.php(98): Illuminate\\Database\\Migrations\\Migrator->usingConnection()
#18 /home/georgesandoval/learning/lumen/restaurant/vendor/illuminate/container/BoundMethod.php(36): Illuminate\\Database\\Console\\Migrations\\MigrateCommand->handle()
#19 /home/georgesandoval/learning/lumen/restaurant/vendor/illuminate/container/Util.php(40): Illuminate\\Container\\BoundMethod::Illuminate\\Container\\{closure}()
#20 /home/georgesandoval/learning/lumen/restaurant/vendor/illuminate/container/BoundMethod.php(93): Illuminate\\Container\\Util::unwrapIfClosure()
#21 /home/georgesandoval/learning/lumen/restaurant/vendor/illuminate/container/BoundMethod.php(37): Illuminate\\Container\\BoundMethod::callBoundMethod()
#22 /home/georgesandoval/learning/lumen/restaurant/vendor/illuminate/container/Container.php(653): Illuminate\\Container\\BoundMethod::call()
#23 /home/georgesandoval/learning/lumen/restaurant/vendor/illuminate/console/Command.php(136): Illuminate\\Container\\Container->call()
#24 /home/georgesandoval/learning/lumen/restaurant/vendor/symfony/console/Command/Command.php(298): Illuminate\\Console\\Command->execute()
#25 /home/georgesandoval/learning/lumen/restaurant/vendor/illuminate/console/Command.php(121): Symfony\\Component\\Console\\Command\\Command->run()
#26 /home/georgesandoval/learning/lumen/restaurant/vendor/symfony/console/Application.php(1024): Illuminate\\Console\\Command->run()
#27 /home/georgesandoval/learning/lumen/restaurant/vendor/symfony/console/Application.php(299): Symfony\\Component\\Console\\Application->doRunCommand()
#28 /home/georgesandoval/learning/lumen/restaurant/vendor/symfony/console/Application.php(171): Symfony\\Component\\Console\\Application->doRun()
#29 /home/georgesandoval/learning/lumen/restaurant/vendor/illuminate/console/Application.php(94): Symfony\\Component\\Console\\Application->run()
#30 /home/georgesandoval/learning/lumen/restaurant/vendor/laravel/lumen-framework/src/Console/Kernel.php(116): Illuminate\\Console\\Application->run()
#31 /home/georgesandoval/learning/lumen/restaurant/artisan(35): Laravel\\Lumen\\Console\\Kernel->handle()
#32 {main}
"} 
